<?xml version="1.0" encoding="UTF-8"?>
<!-- Generated by org.testng.reporters.JUnitReportReporter -->
<testsuite skipped="0" hostname="Admin-PC" name="com.uno.test.sd.SD_ToDoTest" tests="5" failures="0" timestamp="20 Nov 2018 11:37:34 GMT" time="27.080" errors="0">
  <testcase name="checkToDoPopup" time="11.035" classname="com.uno.test.sd.SD_ToDoTest"/>
  <testcase name="checkSLAFlagWithLessTime" time="2.657" classname="com.uno.test.sd.SD_ToDoTest"/>
  <testcase name="checkAssignByAndTo" time="2.840" classname="com.uno.test.sd.SD_ToDoTest"/>
  <testcase name="checkStatusWhenAssignToSelf" time="4.300" classname="com.uno.test.sd.SD_ToDoTest"/>
  <testcase name="checkSLAFlagWithGreaterTime" time="6.248" classname="com.uno.test.sd.SD_ToDoTest"/>
</testsuite> <!-- com.uno.test.sd.SD_ToDoTest -->
