<?xml version="1.0" encoding="UTF-8"?>
<!-- Generated by org.testng.reporters.JUnitReportReporter -->
<testsuite skipped="1" hostname="Admin-PC" name="com.uno.testCases.sd.SD_EditTicketTest" tests="11" failures="0" timestamp="06 Nov 2018 06:16:50 GMT" time="71.895" errors="0">
  <testcase name="DisplayNotificationWithoutETAinATATab" time="16.513" classname="com.uno.testCases.sd.SD_EditTicketTest"/>
  <testcase name="CheckATADateAndTimeWithIncidentDateAndTime" time="24.889" classname="com.uno.testCases.sd.SD_EditTicketTest"/>
  <testcase name="CheckATADateAndTimeWithETADateAndTime" time="7.779" classname="com.uno.testCases.sd.SD_EditTicketTest"/>
  <testcase name="DisplayAlertWithoutSelectMachineAvailable" time="3.139" classname="com.uno.testCases.sd.SD_EditTicketTest"/>
  <testcase name="MatchUpdatedDetailesOfATA" time="7.542" classname="com.uno.testCases.sd.SD_EditTicketTest"/>
  <testcase name="OpenPauseDetailsPage" time="0.770" classname="com.uno.testCases.sd.SD_EditTicketTest"/>
  <testcase name="CheckAutoResumeDateField" time="0.101" classname="com.uno.testCases.sd.SD_EditTicketTest"/>
  <testcase name="DisplayListOfPauseReasonsPopup" time="0.622" classname="com.uno.testCases.sd.SD_EditTicketTest"/>
  <testcase name="MatchResumeDateAndTimeAndPauseReason" time="9.762" classname="com.uno.testCases.sd.SD_EditTicketTest"/>
  <testcase name="DisplayNotificationWhenTicketPause" time="0.778" classname="com.uno.testCases.sd.SD_EditTicketTest"/>
  <testcase name="PauseTheTicketAutomatically" classname="com.uno.testCases.sd.SD_EditTicketTest">
    <skipped/>
  </testcase> <!-- PauseTheTicketAutomatically -->
</testsuite> <!-- com.uno.testCases.sd.SD_EditTicketTest -->
