<?xml version="1.0" encoding="UTF-8"?>
<!-- Generated by org.testng.reporters.JUnitReportReporter -->
<testsuite skipped="0" hostname="Admin-PC" name="com.uno.testCases.Practice_DataDrivenTest" tests="10" failures="0" timestamp="24 Sep 2018 11:41:02 GMT" time="65.072" errors="0">
  <testcase name="ADDKEDB" time="6.149" classname="com.uno.testCases.Practice_DataDrivenTest"/>
  <testcase name="ADDKEDB" time="6.365" classname="com.uno.testCases.Practice_DataDrivenTest"/>
  <testcase name="ADDKEDB" time="6.324" classname="com.uno.testCases.Practice_DataDrivenTest"/>
  <testcase name="ADDKEDB" time="5.942" classname="com.uno.testCases.Practice_DataDrivenTest"/>
  <testcase name="ADDKEDB" time="7.300" classname="com.uno.testCases.Practice_DataDrivenTest"/>
  <testcase name="ADDKEDB" time="6.538" classname="com.uno.testCases.Practice_DataDrivenTest"/>
  <testcase name="ADDKEDB" time="6.763" classname="com.uno.testCases.Practice_DataDrivenTest"/>
  <testcase name="ADDKEDB" time="6.966" classname="com.uno.testCases.Practice_DataDrivenTest"/>
  <testcase name="ADDKEDB" time="6.311" classname="com.uno.testCases.Practice_DataDrivenTest"/>
  <testcase name="ADDKEDB" time="6.414" classname="com.uno.testCases.Practice_DataDrivenTest"/>
</testsuite> <!-- com.uno.testCases.Practice_DataDrivenTest -->
