<?xml version="1.0" encoding="UTF-8"?>
<!-- Generated by org.testng.reporters.JUnitReportReporter -->
<testsuite skipped="0" hostname="Admin-PC" name="com.uno.testCases.rm.RM_ViewIncidentTest" tests="1" failures="0" timestamp="16 Oct 2018 06:12:53 GMT" time="69.724" errors="0">
  <testcase name="CheckFilterOfAssign" time="69.724" classname="com.uno.testCases.rm.RM_ViewIncidentTest"/>
</testsuite> <!-- com.uno.testCases.rm.RM_ViewIncidentTest -->
