<?xml version="1.0" encoding="UTF-8"?>
<!-- Generated by org.testng.reporters.JUnitReportReporter -->
<testsuite skipped="0" hostname="Admin-PC" name="com.UnoPoint.TestCases.TicketSummaryPageTestCaseOfSdRole" tests="36" failures="0" timestamp="18 May 2018 07:24:30 GMT" time="814.000" errors="0">
  <testcase name="TicketSummaryTab" time="25.146" classname="com.UnoPoint.TestCases.TicketSummaryPageTestCaseOfSdRole"/>
  <testcase name="TotalCountOfRequestsOpenTab" time="24.391" classname="com.UnoPoint.TestCases.TicketSummaryPageTestCaseOfSdRole"/>
  <testcase name="StatusOfRequestsOpenTab" time="19.662" classname="com.UnoPoint.TestCases.TicketSummaryPageTestCaseOfSdRole"/>
  <testcase name="TotalCountOfUnAssignedTab" time="27.443" classname="com.UnoPoint.TestCases.TicketSummaryPageTestCaseOfSdRole"/>
  <testcase name="StatusOfUnAssignedTab" time="20.562" classname="com.UnoPoint.TestCases.TicketSummaryPageTestCaseOfSdRole"/>
  <testcase name="EngineerOfUnAssignedTab" time="24.292" classname="com.UnoPoint.TestCases.TicketSummaryPageTestCaseOfSdRole"/>
  <testcase name="TotalCountofAssignedButNoETATab" time="20.042" classname="com.UnoPoint.TestCases.TicketSummaryPageTestCaseOfSdRole"/>
  <testcase name="StatusOfAssignedButNoETATab" time="23.825" classname="com.UnoPoint.TestCases.TicketSummaryPageTestCaseOfSdRole"/>
  <testcase name="EngineerOfAssignedButNoETATab" time="21.126" classname="com.UnoPoint.TestCases.TicketSummaryPageTestCaseOfSdRole"/>
  <testcase name="ETADateOfAssignedButNoETATab" time="19.895" classname="com.UnoPoint.TestCases.TicketSummaryPageTestCaseOfSdRole"/>
  <testcase name="TotalCountOfETAExpiredAndNoATATab" time="20.115" classname="com.UnoPoint.TestCases.TicketSummaryPageTestCaseOfSdRole"/>
  <testcase name="StatusOfETAExpiredAndNoATATab" time="22.548" classname="com.UnoPoint.TestCases.TicketSummaryPageTestCaseOfSdRole"/>
  <testcase name="CompareTimeOfETAInETAExpiredAndNoATATab" time="26.889" classname="com.UnoPoint.TestCases.TicketSummaryPageTestCaseOfSdRole"/>
  <testcase name="ATAOfETAExpiredAndNoATATab" time="40.680" classname="com.UnoPoint.TestCases.TicketSummaryPageTestCaseOfSdRole"/>
  <testcase name="TotalCountOfWorkInProgressTab" time="25.488" classname="com.UnoPoint.TestCases.TicketSummaryPageTestCaseOfSdRole"/>
  <testcase name="StatusOfWorkInProgressTab" time="25.246" classname="com.UnoPoint.TestCases.TicketSummaryPageTestCaseOfSdRole"/>
  <testcase name="ATAOfWorkInProgressTab" time="19.443" classname="com.UnoPoint.TestCases.TicketSummaryPageTestCaseOfSdRole"/>
  <testcase name="TotalCountOfRequestsPausedTab" time="21.728" classname="com.UnoPoint.TestCases.TicketSummaryPageTestCaseOfSdRole"/>
  <testcase name="StatusOfRequestsPausedTab" time="23.136" classname="com.UnoPoint.TestCases.TicketSummaryPageTestCaseOfSdRole"/>
  <testcase name="TotalCountOfPendingForSparesTab" time="20.268" classname="com.UnoPoint.TestCases.TicketSummaryPageTestCaseOfSdRole"/>
  <testcase name="TotalCountOfRequestSLAColdTab" time="19.430" classname="com.UnoPoint.TestCases.TicketSummaryPageTestCaseOfSdRole"/>
  <testcase name="CompareColdSLAImageOfRequestSLAColdTab" time="19.946" classname="com.UnoPoint.TestCases.TicketSummaryPageTestCaseOfSdRole"/>
  <testcase name="TotalCountOfRequestSLAHotTab" time="17.882" classname="com.UnoPoint.TestCases.TicketSummaryPageTestCaseOfSdRole"/>
  <testcase name="CompareHotSLAImageOfRequestSLAHotTab" time="24.181" classname="com.UnoPoint.TestCases.TicketSummaryPageTestCaseOfSdRole"/>
  <testcase name="TotalCountOfRequestSLAWarmTab" time="19.328" classname="com.UnoPoint.TestCases.TicketSummaryPageTestCaseOfSdRole"/>
  <testcase name="CompareWarmSLAImageOfRequestSLAWarmTab" time="20.215" classname="com.UnoPoint.TestCases.TicketSummaryPageTestCaseOfSdRole"/>
  <testcase name="TotalCountOfRequestSLANearToViolationTab" time="21.236" classname="com.UnoPoint.TestCases.TicketSummaryPageTestCaseOfSdRole"/>
  <testcase name="CompareNearToViolationImageOfRequestSLANearToViolationTab" time="19.706" classname="com.UnoPoint.TestCases.TicketSummaryPageTestCaseOfSdRole"/>
  <testcase name="TotalCountOfRequestSLAViolatedTab" time="21.861" classname="com.UnoPoint.TestCases.TicketSummaryPageTestCaseOfSdRole"/>
  <testcase name="CompareViolatedSLAImageOfRequestSLAViolatedTab" time="20.170" classname="com.UnoPoint.TestCases.TicketSummaryPageTestCaseOfSdRole"/>
  <testcase name="TotalCountOfConsumedWithSparesTab" time="21.134" classname="com.UnoPoint.TestCases.TicketSummaryPageTestCaseOfSdRole"/>
  <testcase name="TotalCountOfRequestsCancelTab" time="18.243" classname="com.UnoPoint.TestCases.TicketSummaryPageTestCaseOfSdRole"/>
  <testcase name="TotalCountOfRequestsClosedByTechnicianTab" time="24.245" classname="com.UnoPoint.TestCases.TicketSummaryPageTestCaseOfSdRole"/>
  <testcase name="TotalCountOfRequestsFinalClosedTab" time="25.727" classname="com.UnoPoint.TestCases.TicketSummaryPageTestCaseOfSdRole"/>
  <testcase name="TotalCountOfAllRequestsTab" time="28.196" classname="com.UnoPoint.TestCases.TicketSummaryPageTestCaseOfSdRole"/>
  <testcase name="SumOfAllRequestTab" time="20.575" classname="com.UnoPoint.TestCases.TicketSummaryPageTestCaseOfSdRole"/>
</testsuite> <!-- com.UnoPoint.TestCases.TicketSummaryPageTestCaseOfSdRole -->
