<?xml version="1.0" encoding="UTF-8"?>
<!-- Generated by org.testng.reporters.JUnitReportReporter -->
<testsuite skipped="0" hostname="Admin-PC" name="com.uno.test.sd.SD_LoginTest" tests="13" failures="0" timestamp="06 Nov 2018 09:51:24 GMT" time="31.320" errors="0">
  <testcase name="TestLoginPageTitle" time="0.166" classname="com.uno.test.sd.SD_LoginTest"/>
  <testcase name="CheckTeamButton" time="0.202" classname="com.uno.test.sd.SD_LoginTest"/>
  <testcase name="CheckLoginButtonWithBlankData" time="0.174" classname="com.uno.test.sd.SD_LoginTest"/>
  <testcase name="CheckWithWrongLoginCredentials" time="1.075" classname="com.uno.test.sd.SD_LoginTest"/>
  <testcase name="CheckWithWrongLoginCredentials" time="4.284" classname="com.uno.test.sd.SD_LoginTest"/>
  <testcase name="CheckWithWrongLoginCredentials" time="1.853" classname="com.uno.test.sd.SD_LoginTest"/>
  <testcase name="CheckWithWrongLoginCredentials" time="3.973" classname="com.uno.test.sd.SD_LoginTest"/>
  <testcase name="SelectCustomer" time="2.116" classname="com.uno.test.sd.SD_LoginTest"/>
  <testcase name="CheckAfterSkip" time="4.265" classname="com.uno.test.sd.SD_LoginTest"/>
  <testcase name="CheckForgotPasswordLinkWithUsername" time="4.990" classname="com.uno.test.sd.SD_LoginTest"/>
  <testcase name="CheckWithAllFieldFill" time="2.050" classname="com.uno.test.sd.SD_LoginTest"/>
  <testcase name="checkWithWrongData" time="2.495" classname="com.uno.test.sd.SD_LoginTest"/>
  <testcase name="TestLoginPage" time="3.677" classname="com.uno.test.sd.SD_LoginTest"/>
</testsuite> <!-- com.uno.test.sd.SD_LoginTest -->
