<?xml version="1.0" encoding="UTF-8"?>
<!-- Generated by org.testng.reporters.JUnitReportReporter -->
<testsuite skipped="0" hostname="Admin-PC" name="com.UnoPoint.TestCases.CreateNewPageTestCaseOfSdRole" tests="10" failures="0" timestamp="10 Jul 2018 07:04:08 GMT" time="826.472" errors="0">
  <testcase name="createNewTicket" time="74.613" classname="com.UnoPoint.TestCases.CreateNewPageTestCaseOfSdRole"/>
  <testcase name="createNewTicket" time="105.083" classname="com.UnoPoint.TestCases.CreateNewPageTestCaseOfSdRole"/>
  <testcase name="createNewTicket" time="79.193" classname="com.UnoPoint.TestCases.CreateNewPageTestCaseOfSdRole"/>
  <testcase name="createNewTicket" time="85.096" classname="com.UnoPoint.TestCases.CreateNewPageTestCaseOfSdRole"/>
  <testcase name="createNewTicket" time="83.855" classname="com.UnoPoint.TestCases.CreateNewPageTestCaseOfSdRole"/>
  <testcase name="createNewTicket" time="78.756" classname="com.UnoPoint.TestCases.CreateNewPageTestCaseOfSdRole"/>
  <testcase name="createNewTicket" time="83.918" classname="com.UnoPoint.TestCases.CreateNewPageTestCaseOfSdRole"/>
  <testcase name="createNewTicket" time="82.184" classname="com.UnoPoint.TestCases.CreateNewPageTestCaseOfSdRole"/>
  <testcase name="createNewTicket" time="77.834" classname="com.UnoPoint.TestCases.CreateNewPageTestCaseOfSdRole"/>
  <testcase name="createNewTicket" time="75.940" classname="com.UnoPoint.TestCases.CreateNewPageTestCaseOfSdRole"/>
</testsuite> <!-- com.UnoPoint.TestCases.CreateNewPageTestCaseOfSdRole -->
