<?xml version="1.0" encoding="UTF-8"?>
<!-- Generated by org.testng.reporters.JUnitReportReporter -->
<testsuite skipped="0" hostname="Admin-PC" name="testCases.SDActivityPageTestCaseOfSdRole" tests="1" failures="0" timestamp="21 Aug 2018 10:41:31 GMT" time="13.519" errors="0">
  <testcase name="verifyPopLocationAccordingSelectedPopLocation" time="13.519" classname="testCases.SDActivityPageTestCaseOfSdRole"/>
</testsuite> <!-- testCases.SDActivityPageTestCaseOfSdRole -->
