<?xml version="1.0" encoding="UTF-8"?>
<!-- Generated by org.testng.reporters.JUnitReportReporter -->
<testsuite skipped="0" hostname="Admin-PC" name="com.uno.testCases.sd.SD_ViewTicket2Test" tests="1" failures="0" timestamp="10 Oct 2018 05:10:02 GMT" time="103.812" errors="0">
  <testcase name="checkDataFilterByStatus" time="103.812" classname="com.uno.testCases.sd.SD_ViewTicket2Test"/>
</testsuite> <!-- com.uno.testCases.sd.SD_ViewTicket2Test -->
