<?xml version="1.0" encoding="UTF-8"?>
<!-- Generated by org.testng.reporters.JUnitReportReporter -->
<testsuite skipped="0" hostname="Admin-PC" name="com.uno.test.BasicFlowTest" tests="5" failures="0" timestamp="12 Dec 2018 06:40:36 GMT" time="1163.075" errors="0">
  <testcase name="TicketFlowUptoTechClose" time="263.335" classname="com.uno.test.BasicFlowTest"/>
  <testcase name="TicketFlowUptoTechClose" time="223.670" classname="com.uno.test.BasicFlowTest"/>
  <testcase name="TicketFlowUptoTechClose" time="222.574" classname="com.uno.test.BasicFlowTest"/>
  <testcase name="TicketFlowUptoTechClose" time="231.662" classname="com.uno.test.BasicFlowTest"/>
  <testcase name="TicketFlowUptoTechClose" time="221.834" classname="com.uno.test.BasicFlowTest"/>
</testsuite> <!-- com.uno.test.BasicFlowTest -->
