<?xml version="1.0" encoding="UTF-8"?>
<!-- Generated by org.testng.reporters.JUnitReportReporter -->
<testsuite skipped="1" hostname="Admin-PC" name="com.uno.test.sd.SD_ViewTicketTest" tests="2" failures="0" timestamp="11 Jan 2019 05:18:56 GMT" time="2.552" errors="0">
  <testcase name="CheckBlinkingNotification" time="2.552" classname="com.uno.test.sd.SD_ViewTicketTest"/>
  <testcase name="DisplayColumnHeader" classname="com.uno.test.sd.SD_ViewTicketTest">
    <skipped/>
  </testcase> <!-- DisplayColumnHeader -->
</testsuite> <!-- com.uno.test.sd.SD_ViewTicketTest -->
