<?xml version="1.0" encoding="UTF-8"?>
<!-- Generated by org.testng.reporters.JUnitReportReporter -->
<testsuite skipped="874" hostname="Admin-PC" name="com.uno.test.DSMTest" tests="875" failures="0" timestamp="04 Dec 2018 12:21:45 GMT" time="79.679" errors="1">
  <testcase name="Login" time="79.678" classname="com.uno.test.DSMTest">
    <error type="org.openqa.selenium.TimeoutException" message="Timed out waiting for page load.
Command duration or timeout: 50.05 seconds
Build info: version: &#039;2.53.0&#039;, revision: &#039;35ae25b1534ae328c771e0856c93e187490ca824&#039;, time: &#039;2016-03-15 10:43:46&#039;
System info: host: &#039;Admin-PC&#039;, ip: &#039;192.168.3.12&#039;, os.name: &#039;Windows 7&#039;, os.arch: &#039;amd64&#039;, os.version: &#039;6.1&#039;, java.version: &#039;1.8.0_161&#039;
Driver info: org.openqa.selenium.firefox.FirefoxDriver
Capabilities [{applicationCacheEnabled=true, rotatable=false, handlesAlerts=true, databaseEnabled=true, version=45.0.1, platform=WINDOWS, nativeEvents=false, acceptSslCerts=true, webStorageEnabled=true, locationContextEnabled=true, browserName=firefox, takesScreenshot=true, javascriptEnabled=true, cssSelectorsEnabled=true}]
Session ID: e663947e-18cb-4077-b0a7-5fccdafcbc14">
      <![CDATA[org.openqa.selenium.TimeoutException: Timed out waiting for page load.
Command duration or timeout: 50.05 seconds
Build info: version: '2.53.0', revision: '35ae25b1534ae328c771e0856c93e187490ca824', time: '2016-03-15 10:43:46'
System info: host: 'Admin-PC', ip: '192.168.3.12', os.name: 'Windows 7', os.arch: 'amd64', os.version: '6.1', java.version: '1.8.0_161'
Driver info: org.openqa.selenium.firefox.FirefoxDriver
Capabilities [{applicationCacheEnabled=true, rotatable=false, handlesAlerts=true, databaseEnabled=true, version=45.0.1, platform=WINDOWS, nativeEvents=false, acceptSslCerts=true, webStorageEnabled=true, locationContextEnabled=true, browserName=firefox, takesScreenshot=true, javascriptEnabled=true, cssSelectorsEnabled=true}]
Session ID: e663947e-18cb-4077-b0a7-5fccdafcbc14
at sun.reflect.NativeConstructorAccessorImpl.newInstance0(Native Method)
at sun.reflect.NativeConstructorAccessorImpl.newInstance(Unknown Source)
at sun.reflect.DelegatingConstructorAccessorImpl.newInstance(Unknown Source)
at java.lang.reflect.Constructor.newInstance(Unknown Source)
at org.openqa.selenium.remote.ErrorHandler.createThrowable(ErrorHandler.java:206)
at org.openqa.selenium.remote.ErrorHandler.throwIfResponseFailed(ErrorHandler.java:158)
at org.openqa.selenium.remote.RemoteWebDriver.execute(RemoteWebDriver.java:678)
at org.openqa.selenium.remote.RemoteWebDriver.get(RemoteWebDriver.java:316)
at com.uno.test.DSMTest.Login(DSMTest.java:46)
at sun.reflect.NativeMethodAccessorImpl.invoke0(Native Method)
at sun.reflect.NativeMethodAccessorImpl.invoke(Unknown Source)
at sun.reflect.DelegatingMethodAccessorImpl.invoke(Unknown Source)
at java.lang.reflect.Method.invoke(Unknown Source)
at org.testng.internal.MethodInvocationHelper.invokeMethod(MethodInvocationHelper.java:124)
at org.testng.internal.MethodInvocationHelper.invokeMethodConsideringTimeout(MethodInvocationHelper.java:59)
at org.testng.internal.Invoker.invokeConfigurationMethod(Invoker.java:458)
at org.testng.internal.Invoker.invokeConfigurations(Invoker.java:222)
at org.testng.internal.Invoker.invokeConfigurations(Invoker.java:142)
at org.testng.internal.TestMethodWorker.invokeBeforeClassMethods(TestMethodWorker.java:168)
at org.testng.internal.TestMethodWorker.run(TestMethodWorker.java:105)
at org.testng.TestRunner.privateRun(TestRunner.java:648)
at org.testng.TestRunner.run(TestRunner.java:505)
at org.testng.SuiteRunner.runTest(SuiteRunner.java:455)
at org.testng.SuiteRunner.runSequentially(SuiteRunner.java:450)
at org.testng.SuiteRunner.privateRun(SuiteRunner.java:415)
at org.testng.SuiteRunner.run(SuiteRunner.java:364)
at org.testng.SuiteRunnerWorker.runSuite(SuiteRunnerWorker.java:52)
at org.testng.SuiteRunnerWorker.run(SuiteRunnerWorker.java:84)
at org.testng.TestNG.runSuitesSequentially(TestNG.java:1208)
at org.testng.TestNG.runSuitesLocally(TestNG.java:1137)
at org.testng.TestNG.runSuites(TestNG.java:1049)
at org.testng.TestNG.run(TestNG.java:1017)
at org.testng.remote.AbstractRemoteTestNG.run(AbstractRemoteTestNG.java:114)
at org.testng.remote.RemoteTestNG.initAndRun(RemoteTestNG.java:251)
at org.testng.remote.RemoteTestNG.main(RemoteTestNG.java:77)
Caused by: org.openqa.selenium.TimeoutException: Timed out waiting for page load.
Build info: version: '2.53.0', revision: '35ae25b1534ae328c771e0856c93e187490ca824', time: '2016-03-15 10:43:46'
System info: host: 'Admin-PC', ip: '192.168.3.12', os.name: 'Windows 7', os.arch: 'amd64', os.version: '6.1', java.version: '1.8.0_161'
Driver info: driver.version: unknown
at <anonymous class>.Utils.initWebLoadingListener/<(file:///C:/Users/Admin/AppData/Local/Temp/anonymous2202757566498045861webdriver-profile/extensions/fxdriver@googlecode.com/components/driver-component.js:9071)
at <anonymous class>.WebLoadingListener/e(file:///C:/Users/Admin/AppData/Local/Temp/anonymous2202757566498045861webdriver-profile/extensions/fxdriver@googlecode.com/components/driver-component.js:5142)
at <anonymous class>.WebLoadingListener/<(file:///C:/Users/Admin/AppData/Local/Temp/anonymous2202757566498045861webdriver-profile/extensions/fxdriver@googlecode.com/components/driver-component.js:5150)
at <anonymous class>.fxdriver.Timer.prototype.setTimeout/<.notify(file:///C:/Users/Admin/AppData/Local/Temp/anonymous2202757566498045861webdriver-profile/extensions/fxdriver@googlecode.com/components/driver-component.js:625)
]]>
    </error>
  </testcase> <!-- Login -->
  <testcase name="VerifyIDTextBox" time="0.000" classname="com.uno.test.DSMTest">
    <skipped/>
  </testcase> <!-- VerifyIDTextBox -->
  <testcase name="VerifyIDTextBox" time="0.000" classname="com.uno.test.DSMTest">
    <skipped/>
  </testcase> <!-- VerifyIDTextBox -->
  <testcase name="VerifyIDTextBox" time="0.000" classname="com.uno.test.DSMTest">
    <skipped/>
  </testcase> <!-- VerifyIDTextBox -->
  <testcase name="VerifyIDTextBox" time="0.000" classname="com.uno.test.DSMTest">
    <skipped/>
  </testcase> <!-- VerifyIDTextBox -->
  <testcase name="VerifyIDTextBox" time="0.000" classname="com.uno.test.DSMTest">
    <skipped/>
  </testcase> <!-- VerifyIDTextBox -->
  <testcase name="VerifyIDTextBox" time="0.000" classname="com.uno.test.DSMTest">
    <skipped/>
  </testcase> <!-- VerifyIDTextBox -->
  <testcase name="VerifyIDTextBox" time="0.000" classname="com.uno.test.DSMTest">
    <skipped/>
  </testcase> <!-- VerifyIDTextBox -->
  <testcase name="VerifyIDTextBox" time="0.000" classname="com.uno.test.DSMTest">
    <skipped/>
  </testcase> <!-- VerifyIDTextBox -->
  <testcase name="VerifyIDTextBox" time="0.000" classname="com.uno.test.DSMTest">
    <skipped/>
  </testcase> <!-- VerifyIDTextBox -->
  <testcase name="VerifyIDTextBox" time="0.000" classname="com.uno.test.DSMTest">
    <skipped/>
  </testcase> <!-- VerifyIDTextBox -->
  <testcase name="VerifyIDTextBox" time="0.000" classname="com.uno.test.DSMTest">
    <skipped/>
  </testcase> <!-- VerifyIDTextBox -->
  <testcase name="VerifyIDTextBox" time="0.000" classname="com.uno.test.DSMTest">
    <skipped/>
  </testcase> <!-- VerifyIDTextBox -->
  <testcase name="VerifyIDTextBox" time="0.000" classname="com.uno.test.DSMTest">
    <skipped/>
  </testcase> <!-- VerifyIDTextBox -->
  <testcase name="VerifyIDTextBox" time="0.000" classname="com.uno.test.DSMTest">
    <skipped/>
  </testcase> <!-- VerifyIDTextBox -->
  <testcase name="VerifyIDTextBox" time="0.000" classname="com.uno.test.DSMTest">
    <skipped/>
  </testcase> <!-- VerifyIDTextBox -->
  <testcase name="VerifyIDTextBox" time="0.000" classname="com.uno.test.DSMTest">
    <skipped/>
  </testcase> <!-- VerifyIDTextBox -->
  <testcase name="VerifyIDTextBox" time="0.000" classname="com.uno.test.DSMTest">
    <skipped/>
  </testcase> <!-- VerifyIDTextBox -->
  <testcase name="VerifyIDTextBox" time="0.000" classname="com.uno.test.DSMTest">
    <skipped/>
  </testcase> <!-- VerifyIDTextBox -->
  <testcase name="VerifyIDTextBox" time="0.000" classname="com.uno.test.DSMTest">
    <skipped/>
  </testcase> <!-- VerifyIDTextBox -->
  <testcase name="VerifyIDTextBox" time="0.000" classname="com.uno.test.DSMTest">
    <skipped/>
  </testcase> <!-- VerifyIDTextBox -->
  <testcase name="VerifyIDTextBox" time="0.000" classname="com.uno.test.DSMTest">
    <skipped/>
  </testcase> <!-- VerifyIDTextBox -->
  <testcase name="VerifyIDTextBox" time="0.000" classname="com.uno.test.DSMTest">
    <skipped/>
  </testcase> <!-- VerifyIDTextBox -->
  <testcase name="VerifyIDTextBox" time="0.000" classname="com.uno.test.DSMTest">
    <skipped/>
  </testcase> <!-- VerifyIDTextBox -->
  <testcase name="VerifyIDTextBox" time="0.000" classname="com.uno.test.DSMTest">
    <skipped/>
  </testcase> <!-- VerifyIDTextBox -->
  <testcase name="VerifyIDTextBox" time="0.000" classname="com.uno.test.DSMTest">
    <skipped/>
  </testcase> <!-- VerifyIDTextBox -->
  <testcase name="VerifyIDTextBox" time="0.000" classname="com.uno.test.DSMTest">
    <skipped/>
  </testcase> <!-- VerifyIDTextBox -->
  <testcase name="VerifyIDTextBox" time="0.000" classname="com.uno.test.DSMTest">
    <skipped/>
  </testcase> <!-- VerifyIDTextBox -->
  <testcase name="VerifyIDTextBox" time="0.000" classname="com.uno.test.DSMTest">
    <skipped/>
  </testcase> <!-- VerifyIDTextBox -->
  <testcase name="VerifyIDTextBox" time="0.000" classname="com.uno.test.DSMTest">
    <skipped/>
  </testcase> <!-- VerifyIDTextBox -->
  <testcase name="VerifyIDTextBox" time="0.000" classname="com.uno.test.DSMTest">
    <skipped/>
  </testcase> <!-- VerifyIDTextBox -->
  <testcase name="VerifyIDTextBox" time="0.000" classname="com.uno.test.DSMTest">
    <skipped/>
  </testcase> <!-- VerifyIDTextBox -->
  <testcase name="VerifyIDTextBox" time="0.000" classname="com.uno.test.DSMTest">
    <skipped/>
  </testcase> <!-- VerifyIDTextBox -->
  <testcase name="VerifyIDTextBox" time="0.000" classname="com.uno.test.DSMTest">
    <skipped/>
  </testcase> <!-- VerifyIDTextBox -->
  <testcase name="VerifyIDTextBox" time="0.000" classname="com.uno.test.DSMTest">
    <skipped/>
  </testcase> <!-- VerifyIDTextBox -->
  <testcase name="VerifyIDTextBox" time="0.000" classname="com.uno.test.DSMTest">
    <skipped/>
  </testcase> <!-- VerifyIDTextBox -->
  <testcase name="VerifyIDTextBox" time="0.000" classname="com.uno.test.DSMTest">
    <skipped/>
  </testcase> <!-- VerifyIDTextBox -->
  <testcase name="VerifyIDTextBox" time="0.000" classname="com.uno.test.DSMTest">
    <skipped/>
  </testcase> <!-- VerifyIDTextBox -->
  <testcase name="VerifyIDTextBox" time="0.000" classname="com.uno.test.DSMTest">
    <skipped/>
  </testcase> <!-- VerifyIDTextBox -->
  <testcase name="VerifyIDTextBox" time="0.000" classname="com.uno.test.DSMTest">
    <skipped/>
  </testcase> <!-- VerifyIDTextBox -->
  <testcase name="VerifyIDTextBox" time="0.000" classname="com.uno.test.DSMTest">
    <skipped/>
  </testcase> <!-- VerifyIDTextBox -->
  <testcase name="VerifyIDTextBox" time="0.000" classname="com.uno.test.DSMTest">
    <skipped/>
  </testcase> <!-- VerifyIDTextBox -->
  <testcase name="VerifyIDTextBox" time="0.000" classname="com.uno.test.DSMTest">
    <skipped/>
  </testcase> <!-- VerifyIDTextBox -->
  <testcase name="VerifyIDTextBox" time="0.000" classname="com.uno.test.DSMTest">
    <skipped/>
  </testcase> <!-- VerifyIDTextBox -->
  <testcase name="VerifyIDTextBox" time="0.000" classname="com.uno.test.DSMTest">
    <skipped/>
  </testcase> <!-- VerifyIDTextBox -->
  <testcase name="VerifyIDTextBox" time="0.000" classname="com.uno.test.DSMTest">
    <skipped/>
  </testcase> <!-- VerifyIDTextBox -->
  <testcase name="VerifyIDTextBox" time="0.000" classname="com.uno.test.DSMTest">
    <skipped/>
  </testcase> <!-- VerifyIDTextBox -->
  <testcase name="VerifyIDTextBox" time="0.000" classname="com.uno.test.DSMTest">
    <skipped/>
  </testcase> <!-- VerifyIDTextBox -->
  <testcase name="VerifyIDTextBox" time="0.000" classname="com.uno.test.DSMTest">
    <skipped/>
  </testcase> <!-- VerifyIDTextBox -->
  <testcase name="VerifyIDTextBox" time="0.000" classname="com.uno.test.DSMTest">
    <skipped/>
  </testcase> <!-- VerifyIDTextBox -->
  <testcase name="VerifyIDTextBox" time="0.000" classname="com.uno.test.DSMTest">
    <skipped/>
  </testcase> <!-- VerifyIDTextBox -->
  <testcase name="VerifyIDTextBox" time="0.000" classname="com.uno.test.DSMTest">
    <skipped/>
  </testcase> <!-- VerifyIDTextBox -->
  <testcase name="VerifyIDTextBox" time="0.000" classname="com.uno.test.DSMTest">
    <skipped/>
  </testcase> <!-- VerifyIDTextBox -->
  <testcase name="VerifyIDTextBox" time="0.000" classname="com.uno.test.DSMTest">
    <skipped/>
  </testcase> <!-- VerifyIDTextBox -->
  <testcase name="VerifyIDTextBox" time="0.000" classname="com.uno.test.DSMTest">
    <skipped/>
  </testcase> <!-- VerifyIDTextBox -->
  <testcase name="VerifyIDTextBox" time="0.000" classname="com.uno.test.DSMTest">
    <skipped/>
  </testcase> <!-- VerifyIDTextBox -->
  <testcase name="VerifyIDTextBox" time="0.000" classname="com.uno.test.DSMTest">
    <skipped/>
  </testcase> <!-- VerifyIDTextBox -->
  <testcase name="VerifyIDTextBox" time="0.000" classname="com.uno.test.DSMTest">
    <skipped/>
  </testcase> <!-- VerifyIDTextBox -->
  <testcase name="VerifyIDTextBox" time="0.000" classname="com.uno.test.DSMTest">
    <skipped/>
  </testcase> <!-- VerifyIDTextBox -->
  <testcase name="VerifyIDTextBox" time="0.000" classname="com.uno.test.DSMTest">
    <skipped/>
  </testcase> <!-- VerifyIDTextBox -->
  <testcase name="VerifyIDTextBox" time="0.000" classname="com.uno.test.DSMTest">
    <skipped/>
  </testcase> <!-- VerifyIDTextBox -->
  <testcase name="VerifyIDTextBox" time="0.000" classname="com.uno.test.DSMTest">
    <skipped/>
  </testcase> <!-- VerifyIDTextBox -->
  <testcase name="VerifyIDTextBox" time="0.000" classname="com.uno.test.DSMTest">
    <skipped/>
  </testcase> <!-- VerifyIDTextBox -->
  <testcase name="VerifyIDTextBox" time="0.000" classname="com.uno.test.DSMTest">
    <skipped/>
  </testcase> <!-- VerifyIDTextBox -->
  <testcase name="VerifyIDTextBox" time="0.000" classname="com.uno.test.DSMTest">
    <skipped/>
  </testcase> <!-- VerifyIDTextBox -->
  <testcase name="VerifyIDTextBox" time="0.000" classname="com.uno.test.DSMTest">
    <skipped/>
  </testcase> <!-- VerifyIDTextBox -->
  <testcase name="VerifyIDTextBox" time="0.000" classname="com.uno.test.DSMTest">
    <skipped/>
  </testcase> <!-- VerifyIDTextBox -->
  <testcase name="VerifyIDTextBox" time="0.000" classname="com.uno.test.DSMTest">
    <skipped/>
  </testcase> <!-- VerifyIDTextBox -->
  <testcase name="VerifyIDTextBox" time="0.000" classname="com.uno.test.DSMTest">
    <skipped/>
  </testcase> <!-- VerifyIDTextBox -->
  <testcase name="VerifyIDTextBox" time="0.000" classname="com.uno.test.DSMTest">
    <skipped/>
  </testcase> <!-- VerifyIDTextBox -->
  <testcase name="VerifyIDTextBox" time="0.000" classname="com.uno.test.DSMTest">
    <skipped/>
  </testcase> <!-- VerifyIDTextBox -->
  <testcase name="VerifyIDTextBox" time="0.000" classname="com.uno.test.DSMTest">
    <skipped/>
  </testcase> <!-- VerifyIDTextBox -->
  <testcase name="VerifyIDTextBox" time="0.000" classname="com.uno.test.DSMTest">
    <skipped/>
  </testcase> <!-- VerifyIDTextBox -->
  <testcase name="VerifyIDTextBox" time="0.000" classname="com.uno.test.DSMTest">
    <skipped/>
  </testcase> <!-- VerifyIDTextBox -->
  <testcase name="VerifyIDTextBox" time="0.000" classname="com.uno.test.DSMTest">
    <skipped/>
  </testcase> <!-- VerifyIDTextBox -->
  <testcase name="VerifyIDTextBox" time="0.000" classname="com.uno.test.DSMTest">
    <skipped/>
  </testcase> <!-- VerifyIDTextBox -->
  <testcase name="VerifyIDTextBox" time="0.000" classname="com.uno.test.DSMTest">
    <skipped/>
  </testcase> <!-- VerifyIDTextBox -->
  <testcase name="VerifyIDTextBox" time="0.000" classname="com.uno.test.DSMTest">
    <skipped/>
  </testcase> <!-- VerifyIDTextBox -->
  <testcase name="VerifyIDTextBox" time="0.000" classname="com.uno.test.DSMTest">
    <skipped/>
  </testcase> <!-- VerifyIDTextBox -->
  <testcase name="VerifyIDTextBox" time="0.000" classname="com.uno.test.DSMTest">
    <skipped/>
  </testcase> <!-- VerifyIDTextBox -->
  <testcase name="VerifyIDTextBox" time="0.000" classname="com.uno.test.DSMTest">
    <skipped/>
  </testcase> <!-- VerifyIDTextBox -->
  <testcase name="VerifyIDTextBox" time="0.000" classname="com.uno.test.DSMTest">
    <skipped/>
  </testcase> <!-- VerifyIDTextBox -->
  <testcase name="VerifyIDTextBox" time="0.000" classname="com.uno.test.DSMTest">
    <skipped/>
  </testcase> <!-- VerifyIDTextBox -->
  <testcase name="VerifyIDTextBox" time="0.000" classname="com.uno.test.DSMTest">
    <skipped/>
  </testcase> <!-- VerifyIDTextBox -->
  <testcase name="VerifyIDTextBox" time="0.000" classname="com.uno.test.DSMTest">
    <skipped/>
  </testcase> <!-- VerifyIDTextBox -->
  <testcase name="VerifyIDTextBox" time="0.000" classname="com.uno.test.DSMTest">
    <skipped/>
  </testcase> <!-- VerifyIDTextBox -->
  <testcase name="VerifyIDTextBox" time="0.000" classname="com.uno.test.DSMTest">
    <skipped/>
  </testcase> <!-- VerifyIDTextBox -->
  <testcase name="VerifyIDTextBox" time="0.000" classname="com.uno.test.DSMTest">
    <skipped/>
  </testcase> <!-- VerifyIDTextBox -->
  <testcase name="VerifyIDTextBox" time="0.000" classname="com.uno.test.DSMTest">
    <skipped/>
  </testcase> <!-- VerifyIDTextBox -->
  <testcase name="VerifyIDTextBox" time="0.000" classname="com.uno.test.DSMTest">
    <skipped/>
  </testcase> <!-- VerifyIDTextBox -->
  <testcase name="VerifyIDTextBox" time="0.000" classname="com.uno.test.DSMTest">
    <skipped/>
  </testcase> <!-- VerifyIDTextBox -->
  <testcase name="VerifyIDTextBox" time="0.000" classname="com.uno.test.DSMTest">
    <skipped/>
  </testcase> <!-- VerifyIDTextBox -->
  <testcase name="VerifyIDTextBox" time="0.000" classname="com.uno.test.DSMTest">
    <skipped/>
  </testcase> <!-- VerifyIDTextBox -->
  <testcase name="VerifyIDTextBox" time="0.000" classname="com.uno.test.DSMTest">
    <skipped/>
  </testcase> <!-- VerifyIDTextBox -->
  <testcase name="VerifyIDTextBox" time="0.000" classname="com.uno.test.DSMTest">
    <skipped/>
  </testcase> <!-- VerifyIDTextBox -->
  <testcase name="VerifyIDTextBox" time="0.000" classname="com.uno.test.DSMTest">
    <skipped/>
  </testcase> <!-- VerifyIDTextBox -->
  <testcase name="VerifyIDTextBox" time="0.000" classname="com.uno.test.DSMTest">
    <skipped/>
  </testcase> <!-- VerifyIDTextBox -->
  <testcase name="VerifyIDTextBox" time="0.000" classname="com.uno.test.DSMTest">
    <skipped/>
  </testcase> <!-- VerifyIDTextBox -->
  <testcase name="VerifyIDTextBox" time="0.000" classname="com.uno.test.DSMTest">
    <skipped/>
  </testcase> <!-- VerifyIDTextBox -->
  <testcase name="VerifyIDTextBox" time="0.000" classname="com.uno.test.DSMTest">
    <skipped/>
  </testcase> <!-- VerifyIDTextBox -->
  <testcase name="VerifyIDTextBox" time="0.000" classname="com.uno.test.DSMTest">
    <skipped/>
  </testcase> <!-- VerifyIDTextBox -->
  <testcase name="VerifyIDTextBox" time="0.000" classname="com.uno.test.DSMTest">
    <skipped/>
  </testcase> <!-- VerifyIDTextBox -->
  <testcase name="VerifyIDTextBox" time="0.000" classname="com.uno.test.DSMTest">
    <skipped/>
  </testcase> <!-- VerifyIDTextBox -->
  <testcase name="VerifyIDTextBox" time="0.000" classname="com.uno.test.DSMTest">
    <skipped/>
  </testcase> <!-- VerifyIDTextBox -->
  <testcase name="VerifyIDTextBox" time="0.000" classname="com.uno.test.DSMTest">
    <skipped/>
  </testcase> <!-- VerifyIDTextBox -->
  <testcase name="VerifyIDTextBox" time="0.000" classname="com.uno.test.DSMTest">
    <skipped/>
  </testcase> <!-- VerifyIDTextBox -->
  <testcase name="VerifyIDTextBox" time="0.000" classname="com.uno.test.DSMTest">
    <skipped/>
  </testcase> <!-- VerifyIDTextBox -->
  <testcase name="VerifyIDTextBox" time="0.000" classname="com.uno.test.DSMTest">
    <skipped/>
  </testcase> <!-- VerifyIDTextBox -->
  <testcase name="VerifyIDTextBox" time="0.000" classname="com.uno.test.DSMTest">
    <skipped/>
  </testcase> <!-- VerifyIDTextBox -->
  <testcase name="VerifyIDTextBox" time="0.000" classname="com.uno.test.DSMTest">
    <skipped/>
  </testcase> <!-- VerifyIDTextBox -->
  <testcase name="VerifyIDTextBox" time="0.000" classname="com.uno.test.DSMTest">
    <skipped/>
  </testcase> <!-- VerifyIDTextBox -->
  <testcase name="VerifyIDTextBox" time="0.000" classname="com.uno.test.DSMTest">
    <skipped/>
  </testcase> <!-- VerifyIDTextBox -->
  <testcase name="VerifyIDTextBox" time="0.000" classname="com.uno.test.DSMTest">
    <skipped/>
  </testcase> <!-- VerifyIDTextBox -->
  <testcase name="VerifyIDTextBox" time="0.000" classname="com.uno.test.DSMTest">
    <skipped/>
  </testcase> <!-- VerifyIDTextBox -->
  <testcase name="VerifyIDTextBox" time="0.000" classname="com.uno.test.DSMTest">
    <skipped/>
  </testcase> <!-- VerifyIDTextBox -->
  <testcase name="VerifyIDTextBox" time="0.000" classname="com.uno.test.DSMTest">
    <skipped/>
  </testcase> <!-- VerifyIDTextBox -->
  <testcase name="VerifyIDTextBox" time="0.000" classname="com.uno.test.DSMTest">
    <skipped/>
  </testcase> <!-- VerifyIDTextBox -->
  <testcase name="VerifyIDTextBox" time="0.000" classname="com.uno.test.DSMTest">
    <skipped/>
  </testcase> <!-- VerifyIDTextBox -->
  <testcase name="VerifyIDTextBox" time="0.000" classname="com.uno.test.DSMTest">
    <skipped/>
  </testcase> <!-- VerifyIDTextBox -->
  <testcase name="VerifyIDTextBox" time="0.000" classname="com.uno.test.DSMTest">
    <skipped/>
  </testcase> <!-- VerifyIDTextBox -->
  <testcase name="VerifyIDTextBox" time="0.000" classname="com.uno.test.DSMTest">
    <skipped/>
  </testcase> <!-- VerifyIDTextBox -->
  <testcase name="VerifyIDTextBox" time="0.000" classname="com.uno.test.DSMTest">
    <skipped/>
  </testcase> <!-- VerifyIDTextBox -->
  <testcase name="VerifyIDTextBox" time="0.000" classname="com.uno.test.DSMTest">
    <skipped/>
  </testcase> <!-- VerifyIDTextBox -->
  <testcase name="VerifyIDTextBox" time="0.000" classname="com.uno.test.DSMTest">
    <skipped/>
  </testcase> <!-- VerifyIDTextBox -->
  <testcase name="VerifyIDTextBox" time="0.000" classname="com.uno.test.DSMTest">
    <skipped/>
  </testcase> <!-- VerifyIDTextBox -->
  <testcase name="VerifyIDTextBox" time="0.000" classname="com.uno.test.DSMTest">
    <skipped/>
  </testcase> <!-- VerifyIDTextBox -->
  <testcase name="VerifyIDTextBox" time="0.000" classname="com.uno.test.DSMTest">
    <skipped/>
  </testcase> <!-- VerifyIDTextBox -->
  <testcase name="VerifyIDTextBox" time="0.000" classname="com.uno.test.DSMTest">
    <skipped/>
  </testcase> <!-- VerifyIDTextBox -->
  <testcase name="VerifyIDTextBox" time="0.000" classname="com.uno.test.DSMTest">
    <skipped/>
  </testcase> <!-- VerifyIDTextBox -->
  <testcase name="VerifyIDTextBox" time="0.000" classname="com.uno.test.DSMTest">
    <skipped/>
  </testcase> <!-- VerifyIDTextBox -->
  <testcase name="VerifyIDTextBox" time="0.000" classname="com.uno.test.DSMTest">
    <skipped/>
  </testcase> <!-- VerifyIDTextBox -->
  <testcase name="VerifyIDTextBox" time="0.000" classname="com.uno.test.DSMTest">
    <skipped/>
  </testcase> <!-- VerifyIDTextBox -->
  <testcase name="VerifyIDTextBox" time="0.000" classname="com.uno.test.DSMTest">
    <skipped/>
  </testcase> <!-- VerifyIDTextBox -->
  <testcase name="VerifyIDTextBox" time="0.000" classname="com.uno.test.DSMTest">
    <skipped/>
  </testcase> <!-- VerifyIDTextBox -->
  <testcase name="VerifyIDTextBox" time="0.000" classname="com.uno.test.DSMTest">
    <skipped/>
  </testcase> <!-- VerifyIDTextBox -->
  <testcase name="VerifyIDTextBox" time="0.000" classname="com.uno.test.DSMTest">
    <skipped/>
  </testcase> <!-- VerifyIDTextBox -->
  <testcase name="VerifyIDTextBox" time="0.000" classname="com.uno.test.DSMTest">
    <skipped/>
  </testcase> <!-- VerifyIDTextBox -->
  <testcase name="VerifyIDTextBox" time="0.000" classname="com.uno.test.DSMTest">
    <skipped/>
  </testcase> <!-- VerifyIDTextBox -->
  <testcase name="VerifyIDTextBox" time="0.000" classname="com.uno.test.DSMTest">
    <skipped/>
  </testcase> <!-- VerifyIDTextBox -->
  <testcase name="VerifyIDTextBox" time="0.000" classname="com.uno.test.DSMTest">
    <skipped/>
  </testcase> <!-- VerifyIDTextBox -->
  <testcase name="VerifyIDTextBox" time="0.000" classname="com.uno.test.DSMTest">
    <skipped/>
  </testcase> <!-- VerifyIDTextBox -->
  <testcase name="VerifyIDTextBox" time="0.000" classname="com.uno.test.DSMTest">
    <skipped/>
  </testcase> <!-- VerifyIDTextBox -->
  <testcase name="VerifyIDTextBox" time="0.000" classname="com.uno.test.DSMTest">
    <skipped/>
  </testcase> <!-- VerifyIDTextBox -->
  <testcase name="VerifyIDTextBox" time="0.001" classname="com.uno.test.DSMTest">
    <skipped/>
  </testcase> <!-- VerifyIDTextBox -->
  <testcase name="VerifyIDTextBox" time="0.000" classname="com.uno.test.DSMTest">
    <skipped/>
  </testcase> <!-- VerifyIDTextBox -->
  <testcase name="VerifyIDTextBox" time="0.000" classname="com.uno.test.DSMTest">
    <skipped/>
  </testcase> <!-- VerifyIDTextBox -->
  <testcase name="VerifyIDTextBox" time="0.000" classname="com.uno.test.DSMTest">
    <skipped/>
  </testcase> <!-- VerifyIDTextBox -->
  <testcase name="VerifyIDTextBox" time="0.000" classname="com.uno.test.DSMTest">
    <skipped/>
  </testcase> <!-- VerifyIDTextBox -->
  <testcase name="VerifyIDTextBox" time="0.000" classname="com.uno.test.DSMTest">
    <skipped/>
  </testcase> <!-- VerifyIDTextBox -->
  <testcase name="VerifyIDTextBox" time="0.000" classname="com.uno.test.DSMTest">
    <skipped/>
  </testcase> <!-- VerifyIDTextBox -->
  <testcase name="VerifyIDTextBox" time="0.000" classname="com.uno.test.DSMTest">
    <skipped/>
  </testcase> <!-- VerifyIDTextBox -->
  <testcase name="VerifyIDTextBox" time="0.000" classname="com.uno.test.DSMTest">
    <skipped/>
  </testcase> <!-- VerifyIDTextBox -->
  <testcase name="VerifyIDTextBox" time="0.000" classname="com.uno.test.DSMTest">
    <skipped/>
  </testcase> <!-- VerifyIDTextBox -->
  <testcase name="VerifyIDTextBox" time="0.000" classname="com.uno.test.DSMTest">
    <skipped/>
  </testcase> <!-- VerifyIDTextBox -->
  <testcase name="VerifyIDTextBox" time="0.000" classname="com.uno.test.DSMTest">
    <skipped/>
  </testcase> <!-- VerifyIDTextBox -->
  <testcase name="VerifyIDTextBox" time="0.000" classname="com.uno.test.DSMTest">
    <skipped/>
  </testcase> <!-- VerifyIDTextBox -->
  <testcase name="VerifyIDTextBox" time="0.000" classname="com.uno.test.DSMTest">
    <skipped/>
  </testcase> <!-- VerifyIDTextBox -->
  <testcase name="VerifyIDTextBox" time="0.000" classname="com.uno.test.DSMTest">
    <skipped/>
  </testcase> <!-- VerifyIDTextBox -->
  <testcase name="VerifyIDTextBox" time="0.000" classname="com.uno.test.DSMTest">
    <skipped/>
  </testcase> <!-- VerifyIDTextBox -->
  <testcase name="VerifyIDTextBox" time="0.000" classname="com.uno.test.DSMTest">
    <skipped/>
  </testcase> <!-- VerifyIDTextBox -->
  <testcase name="VerifyIDTextBox" time="0.000" classname="com.uno.test.DSMTest">
    <skipped/>
  </testcase> <!-- VerifyIDTextBox -->
  <testcase name="VerifyIDTextBox" time="0.000" classname="com.uno.test.DSMTest">
    <skipped/>
  </testcase> <!-- VerifyIDTextBox -->
  <testcase name="VerifyIDTextBox" time="0.000" classname="com.uno.test.DSMTest">
    <skipped/>
  </testcase> <!-- VerifyIDTextBox -->
  <testcase name="VerifyIDTextBox" time="0.000" classname="com.uno.test.DSMTest">
    <skipped/>
  </testcase> <!-- VerifyIDTextBox -->
  <testcase name="VerifyIDTextBox" time="0.000" classname="com.uno.test.DSMTest">
    <skipped/>
  </testcase> <!-- VerifyIDTextBox -->
  <testcase name="VerifyIDTextBox" time="0.000" classname="com.uno.test.DSMTest">
    <skipped/>
  </testcase> <!-- VerifyIDTextBox -->
  <testcase name="VerifyIDTextBox" time="0.000" classname="com.uno.test.DSMTest">
    <skipped/>
  </testcase> <!-- VerifyIDTextBox -->
  <testcase name="VerifyIDTextBox" time="0.000" classname="com.uno.test.DSMTest">
    <skipped/>
  </testcase> <!-- VerifyIDTextBox -->
  <testcase name="VerifyIDTextBox" time="0.000" classname="com.uno.test.DSMTest">
    <skipped/>
  </testcase> <!-- VerifyIDTextBox -->
  <testcase name="VerifyIDTextBox" time="0.000" classname="com.uno.test.DSMTest">
    <skipped/>
  </testcase> <!-- VerifyIDTextBox -->
  <testcase name="VerifyIDTextBox" time="0.000" classname="com.uno.test.DSMTest">
    <skipped/>
  </testcase> <!-- VerifyIDTextBox -->
  <testcase name="VerifyIDTextBox" time="0.000" classname="com.uno.test.DSMTest">
    <skipped/>
  </testcase> <!-- VerifyIDTextBox -->
  <testcase name="VerifyIDTextBox" time="0.000" classname="com.uno.test.DSMTest">
    <skipped/>
  </testcase> <!-- VerifyIDTextBox -->
  <testcase name="VerifyIDTextBox" time="0.000" classname="com.uno.test.DSMTest">
    <skipped/>
  </testcase> <!-- VerifyIDTextBox -->
  <testcase name="VerifyIDTextBox" time="0.000" classname="com.uno.test.DSMTest">
    <skipped/>
  </testcase> <!-- VerifyIDTextBox -->
  <testcase name="VerifyIDTextBox" time="0.000" classname="com.uno.test.DSMTest">
    <skipped/>
  </testcase> <!-- VerifyIDTextBox -->
  <testcase name="VerifyIDTextBox" time="0.000" classname="com.uno.test.DSMTest">
    <skipped/>
  </testcase> <!-- VerifyIDTextBox -->
  <testcase name="VerifyIDTextBox" time="0.000" classname="com.uno.test.DSMTest">
    <skipped/>
  </testcase> <!-- VerifyIDTextBox -->
  <testcase name="VerifyIDTextBox" time="0.000" classname="com.uno.test.DSMTest">
    <skipped/>
  </testcase> <!-- VerifyIDTextBox -->
  <testcase name="VerifyIDTextBox" time="0.000" classname="com.uno.test.DSMTest">
    <skipped/>
  </testcase> <!-- VerifyIDTextBox -->
  <testcase name="VerifyIDTextBox" time="0.000" classname="com.uno.test.DSMTest">
    <skipped/>
  </testcase> <!-- VerifyIDTextBox -->
  <testcase name="VerifyIDTextBox" time="0.000" classname="com.uno.test.DSMTest">
    <skipped/>
  </testcase> <!-- VerifyIDTextBox -->
  <testcase name="VerifyIDTextBox" time="0.000" classname="com.uno.test.DSMTest">
    <skipped/>
  </testcase> <!-- VerifyIDTextBox -->
  <testcase name="VerifyIDTextBox" time="0.000" classname="com.uno.test.DSMTest">
    <skipped/>
  </testcase> <!-- VerifyIDTextBox -->
  <testcase name="VerifyIDTextBox" time="0.000" classname="com.uno.test.DSMTest">
    <skipped/>
  </testcase> <!-- VerifyIDTextBox -->
  <testcase name="VerifyIDTextBox" time="0.000" classname="com.uno.test.DSMTest">
    <skipped/>
  </testcase> <!-- VerifyIDTextBox -->
  <testcase name="VerifyIDTextBox" time="0.000" classname="com.uno.test.DSMTest">
    <skipped/>
  </testcase> <!-- VerifyIDTextBox -->
  <testcase name="VerifyIDTextBox" time="0.000" classname="com.uno.test.DSMTest">
    <skipped/>
  </testcase> <!-- VerifyIDTextBox -->
  <testcase name="VerifyIDTextBox" time="0.000" classname="com.uno.test.DSMTest">
    <skipped/>
  </testcase> <!-- VerifyIDTextBox -->
  <testcase name="VerifyIDTextBox" time="0.000" classname="com.uno.test.DSMTest">
    <skipped/>
  </testcase> <!-- VerifyIDTextBox -->
  <testcase name="VerifyIDTextBox" time="0.000" classname="com.uno.test.DSMTest">
    <skipped/>
  </testcase> <!-- VerifyIDTextBox -->
  <testcase name="VerifyIDTextBox" time="0.000" classname="com.uno.test.DSMTest">
    <skipped/>
  </testcase> <!-- VerifyIDTextBox -->
  <testcase name="VerifyIDTextBox" time="0.000" classname="com.uno.test.DSMTest">
    <skipped/>
  </testcase> <!-- VerifyIDTextBox -->
  <testcase name="VerifyIDTextBox" time="0.000" classname="com.uno.test.DSMTest">
    <skipped/>
  </testcase> <!-- VerifyIDTextBox -->
  <testcase name="VerifyIDTextBox" time="0.000" classname="com.uno.test.DSMTest">
    <skipped/>
  </testcase> <!-- VerifyIDTextBox -->
  <testcase name="VerifyIDTextBox" time="0.000" classname="com.uno.test.DSMTest">
    <skipped/>
  </testcase> <!-- VerifyIDTextBox -->
  <testcase name="VerifyIDTextBox" time="0.000" classname="com.uno.test.DSMTest">
    <skipped/>
  </testcase> <!-- VerifyIDTextBox -->
  <testcase name="VerifyIDTextBox" time="0.000" classname="com.uno.test.DSMTest">
    <skipped/>
  </testcase> <!-- VerifyIDTextBox -->
  <testcase name="VerifyIDTextBox" time="0.000" classname="com.uno.test.DSMTest">
    <skipped/>
  </testcase> <!-- VerifyIDTextBox -->
  <testcase name="VerifyIDTextBox" time="0.000" classname="com.uno.test.DSMTest">
    <skipped/>
  </testcase> <!-- VerifyIDTextBox -->
  <testcase name="VerifyIDTextBox" time="0.000" classname="com.uno.test.DSMTest">
    <skipped/>
  </testcase> <!-- VerifyIDTextBox -->
  <testcase name="VerifyIDTextBox" time="0.000" classname="com.uno.test.DSMTest">
    <skipped/>
  </testcase> <!-- VerifyIDTextBox -->
  <testcase name="VerifyIDTextBox" time="0.000" classname="com.uno.test.DSMTest">
    <skipped/>
  </testcase> <!-- VerifyIDTextBox -->
  <testcase name="VerifyIDTextBox" time="0.000" classname="com.uno.test.DSMTest">
    <skipped/>
  </testcase> <!-- VerifyIDTextBox -->
  <testcase name="VerifyIDTextBox" time="0.000" classname="com.uno.test.DSMTest">
    <skipped/>
  </testcase> <!-- VerifyIDTextBox -->
  <testcase name="VerifyIDTextBox" time="0.000" classname="com.uno.test.DSMTest">
    <skipped/>
  </testcase> <!-- VerifyIDTextBox -->
  <testcase name="VerifyIDTextBox" time="0.000" classname="com.uno.test.DSMTest">
    <skipped/>
  </testcase> <!-- VerifyIDTextBox -->
  <testcase name="VerifyIDTextBox" time="0.000" classname="com.uno.test.DSMTest">
    <skipped/>
  </testcase> <!-- VerifyIDTextBox -->
  <testcase name="VerifyIDTextBox" time="0.000" classname="com.uno.test.DSMTest">
    <skipped/>
  </testcase> <!-- VerifyIDTextBox -->
  <testcase name="VerifyIDTextBox" time="0.000" classname="com.uno.test.DSMTest">
    <skipped/>
  </testcase> <!-- VerifyIDTextBox -->
  <testcase name="VerifyIDTextBox" time="0.000" classname="com.uno.test.DSMTest">
    <skipped/>
  </testcase> <!-- VerifyIDTextBox -->
  <testcase name="VerifyIDTextBox" time="0.000" classname="com.uno.test.DSMTest">
    <skipped/>
  </testcase> <!-- VerifyIDTextBox -->
  <testcase name="VerifyIDTextBox" time="0.000" classname="com.uno.test.DSMTest">
    <skipped/>
  </testcase> <!-- VerifyIDTextBox -->
  <testcase name="VerifyIDTextBox" time="0.000" classname="com.uno.test.DSMTest">
    <skipped/>
  </testcase> <!-- VerifyIDTextBox -->
  <testcase name="VerifyIDTextBox" time="0.000" classname="com.uno.test.DSMTest">
    <skipped/>
  </testcase> <!-- VerifyIDTextBox -->
  <testcase name="VerifyIDTextBox" time="0.000" classname="com.uno.test.DSMTest">
    <skipped/>
  </testcase> <!-- VerifyIDTextBox -->
  <testcase name="VerifyIDTextBox" time="0.000" classname="com.uno.test.DSMTest">
    <skipped/>
  </testcase> <!-- VerifyIDTextBox -->
  <testcase name="VerifyIDTextBox" time="0.000" classname="com.uno.test.DSMTest">
    <skipped/>
  </testcase> <!-- VerifyIDTextBox -->
  <testcase name="VerifyIDTextBox" time="0.000" classname="com.uno.test.DSMTest">
    <skipped/>
  </testcase> <!-- VerifyIDTextBox -->
  <testcase name="VerifyIDTextBox" time="0.000" classname="com.uno.test.DSMTest">
    <skipped/>
  </testcase> <!-- VerifyIDTextBox -->
  <testcase name="VerifyIDTextBox" time="0.000" classname="com.uno.test.DSMTest">
    <skipped/>
  </testcase> <!-- VerifyIDTextBox -->
  <testcase name="VerifyIDTextBox" time="0.000" classname="com.uno.test.DSMTest">
    <skipped/>
  </testcase> <!-- VerifyIDTextBox -->
  <testcase name="VerifyIDTextBox" time="0.000" classname="com.uno.test.DSMTest">
    <skipped/>
  </testcase> <!-- VerifyIDTextBox -->
  <testcase name="VerifyIDTextBox" time="0.000" classname="com.uno.test.DSMTest">
    <skipped/>
  </testcase> <!-- VerifyIDTextBox -->
  <testcase name="VerifyIDTextBox" time="0.000" classname="com.uno.test.DSMTest">
    <skipped/>
  </testcase> <!-- VerifyIDTextBox -->
  <testcase name="VerifyIDTextBox" time="0.000" classname="com.uno.test.DSMTest">
    <skipped/>
  </testcase> <!-- VerifyIDTextBox -->
  <testcase name="VerifyIDTextBox" time="0.000" classname="com.uno.test.DSMTest">
    <skipped/>
  </testcase> <!-- VerifyIDTextBox -->
  <testcase name="VerifyIDTextBox" time="0.000" classname="com.uno.test.DSMTest">
    <skipped/>
  </testcase> <!-- VerifyIDTextBox -->
  <testcase name="VerifyIDTextBox" time="0.000" classname="com.uno.test.DSMTest">
    <skipped/>
  </testcase> <!-- VerifyIDTextBox -->
  <testcase name="VerifyIDTextBox" time="0.000" classname="com.uno.test.DSMTest">
    <skipped/>
  </testcase> <!-- VerifyIDTextBox -->
  <testcase name="VerifyIDTextBox" time="0.000" classname="com.uno.test.DSMTest">
    <skipped/>
  </testcase> <!-- VerifyIDTextBox -->
  <testcase name="VerifyIDTextBox" time="0.000" classname="com.uno.test.DSMTest">
    <skipped/>
  </testcase> <!-- VerifyIDTextBox -->
  <testcase name="VerifyIDTextBox" time="0.000" classname="com.uno.test.DSMTest">
    <skipped/>
  </testcase> <!-- VerifyIDTextBox -->
  <testcase name="VerifyIDTextBox" time="0.000" classname="com.uno.test.DSMTest">
    <skipped/>
  </testcase> <!-- VerifyIDTextBox -->
  <testcase name="VerifyIDTextBox" time="0.000" classname="com.uno.test.DSMTest">
    <skipped/>
  </testcase> <!-- VerifyIDTextBox -->
  <testcase name="VerifyIDTextBox" time="0.000" classname="com.uno.test.DSMTest">
    <skipped/>
  </testcase> <!-- VerifyIDTextBox -->
  <testcase name="VerifyIDTextBox" time="0.000" classname="com.uno.test.DSMTest">
    <skipped/>
  </testcase> <!-- VerifyIDTextBox -->
  <testcase name="VerifyIDTextBox" time="0.000" classname="com.uno.test.DSMTest">
    <skipped/>
  </testcase> <!-- VerifyIDTextBox -->
  <testcase name="VerifyIDTextBox" time="0.000" classname="com.uno.test.DSMTest">
    <skipped/>
  </testcase> <!-- VerifyIDTextBox -->
  <testcase name="VerifyIDTextBox" time="0.000" classname="com.uno.test.DSMTest">
    <skipped/>
  </testcase> <!-- VerifyIDTextBox -->
  <testcase name="VerifyIDTextBox" time="0.000" classname="com.uno.test.DSMTest">
    <skipped/>
  </testcase> <!-- VerifyIDTextBox -->
  <testcase name="VerifyIDTextBox" time="0.000" classname="com.uno.test.DSMTest">
    <skipped/>
  </testcase> <!-- VerifyIDTextBox -->
  <testcase name="VerifyIDTextBox" time="0.000" classname="com.uno.test.DSMTest">
    <skipped/>
  </testcase> <!-- VerifyIDTextBox -->
  <testcase name="VerifyIDTextBox" time="0.000" classname="com.uno.test.DSMTest">
    <skipped/>
  </testcase> <!-- VerifyIDTextBox -->
  <testcase name="VerifyIDTextBox" time="0.000" classname="com.uno.test.DSMTest">
    <skipped/>
  </testcase> <!-- VerifyIDTextBox -->
  <testcase name="VerifyIDTextBox" time="0.000" classname="com.uno.test.DSMTest">
    <skipped/>
  </testcase> <!-- VerifyIDTextBox -->
  <testcase name="VerifyIDTextBox" time="0.000" classname="com.uno.test.DSMTest">
    <skipped/>
  </testcase> <!-- VerifyIDTextBox -->
  <testcase name="VerifyIDTextBox" time="0.000" classname="com.uno.test.DSMTest">
    <skipped/>
  </testcase> <!-- VerifyIDTextBox -->
  <testcase name="VerifyIDTextBox" time="0.000" classname="com.uno.test.DSMTest">
    <skipped/>
  </testcase> <!-- VerifyIDTextBox -->
  <testcase name="VerifyIDTextBox" time="0.000" classname="com.uno.test.DSMTest">
    <skipped/>
  </testcase> <!-- VerifyIDTextBox -->
  <testcase name="VerifyIDTextBox" time="0.000" classname="com.uno.test.DSMTest">
    <skipped/>
  </testcase> <!-- VerifyIDTextBox -->
  <testcase name="VerifyIDTextBox" time="0.000" classname="com.uno.test.DSMTest">
    <skipped/>
  </testcase> <!-- VerifyIDTextBox -->
  <testcase name="VerifyIDTextBox" time="0.000" classname="com.uno.test.DSMTest">
    <skipped/>
  </testcase> <!-- VerifyIDTextBox -->
  <testcase name="VerifyIDTextBox" time="0.000" classname="com.uno.test.DSMTest">
    <skipped/>
  </testcase> <!-- VerifyIDTextBox -->
  <testcase name="VerifyIDTextBox" time="0.000" classname="com.uno.test.DSMTest">
    <skipped/>
  </testcase> <!-- VerifyIDTextBox -->
  <testcase name="VerifyIDTextBox" time="0.000" classname="com.uno.test.DSMTest">
    <skipped/>
  </testcase> <!-- VerifyIDTextBox -->
  <testcase name="VerifyIDTextBox" time="0.000" classname="com.uno.test.DSMTest">
    <skipped/>
  </testcase> <!-- VerifyIDTextBox -->
  <testcase name="VerifyIDTextBox" time="0.000" classname="com.uno.test.DSMTest">
    <skipped/>
  </testcase> <!-- VerifyIDTextBox -->
  <testcase name="VerifyIDTextBox" time="0.000" classname="com.uno.test.DSMTest">
    <skipped/>
  </testcase> <!-- VerifyIDTextBox -->
  <testcase name="VerifyIDTextBox" time="0.000" classname="com.uno.test.DSMTest">
    <skipped/>
  </testcase> <!-- VerifyIDTextBox -->
  <testcase name="VerifyIDTextBox" time="0.000" classname="com.uno.test.DSMTest">
    <skipped/>
  </testcase> <!-- VerifyIDTextBox -->
  <testcase name="VerifyIDTextBox" time="0.000" classname="com.uno.test.DSMTest">
    <skipped/>
  </testcase> <!-- VerifyIDTextBox -->
  <testcase name="VerifyIDTextBox" time="0.000" classname="com.uno.test.DSMTest">
    <skipped/>
  </testcase> <!-- VerifyIDTextBox -->
  <testcase name="VerifyIDTextBox" time="0.000" classname="com.uno.test.DSMTest">
    <skipped/>
  </testcase> <!-- VerifyIDTextBox -->
  <testcase name="VerifyIDTextBox" time="0.000" classname="com.uno.test.DSMTest">
    <skipped/>
  </testcase> <!-- VerifyIDTextBox -->
  <testcase name="VerifyIDTextBox" time="0.000" classname="com.uno.test.DSMTest">
    <skipped/>
  </testcase> <!-- VerifyIDTextBox -->
  <testcase name="VerifyIDTextBox" time="0.000" classname="com.uno.test.DSMTest">
    <skipped/>
  </testcase> <!-- VerifyIDTextBox -->
  <testcase name="VerifyIDTextBox" time="0.000" classname="com.uno.test.DSMTest">
    <skipped/>
  </testcase> <!-- VerifyIDTextBox -->
  <testcase name="VerifyIDTextBox" time="0.000" classname="com.uno.test.DSMTest">
    <skipped/>
  </testcase> <!-- VerifyIDTextBox -->
  <testcase name="VerifyIDTextBox" time="0.000" classname="com.uno.test.DSMTest">
    <skipped/>
  </testcase> <!-- VerifyIDTextBox -->
  <testcase name="VerifyIDTextBox" time="0.000" classname="com.uno.test.DSMTest">
    <skipped/>
  </testcase> <!-- VerifyIDTextBox -->
  <testcase name="VerifyIDTextBox" time="0.000" classname="com.uno.test.DSMTest">
    <skipped/>
  </testcase> <!-- VerifyIDTextBox -->
  <testcase name="VerifyIDTextBox" time="0.000" classname="com.uno.test.DSMTest">
    <skipped/>
  </testcase> <!-- VerifyIDTextBox -->
  <testcase name="VerifyIDTextBox" time="0.000" classname="com.uno.test.DSMTest">
    <skipped/>
  </testcase> <!-- VerifyIDTextBox -->
  <testcase name="VerifyIDTextBox" time="0.000" classname="com.uno.test.DSMTest">
    <skipped/>
  </testcase> <!-- VerifyIDTextBox -->
  <testcase name="VerifyIDTextBox" time="0.000" classname="com.uno.test.DSMTest">
    <skipped/>
  </testcase> <!-- VerifyIDTextBox -->
  <testcase name="VerifyIDTextBox" time="0.000" classname="com.uno.test.DSMTest">
    <skipped/>
  </testcase> <!-- VerifyIDTextBox -->
  <testcase name="VerifyIDTextBox" time="0.000" classname="com.uno.test.DSMTest">
    <skipped/>
  </testcase> <!-- VerifyIDTextBox -->
  <testcase name="VerifyIDTextBox" time="0.000" classname="com.uno.test.DSMTest">
    <skipped/>
  </testcase> <!-- VerifyIDTextBox -->
  <testcase name="VerifyIDTextBox" time="0.000" classname="com.uno.test.DSMTest">
    <skipped/>
  </testcase> <!-- VerifyIDTextBox -->
  <testcase name="VerifyIDTextBox" time="0.000" classname="com.uno.test.DSMTest">
    <skipped/>
  </testcase> <!-- VerifyIDTextBox -->
  <testcase name="VerifyIDTextBox" time="0.000" classname="com.uno.test.DSMTest">
    <skipped/>
  </testcase> <!-- VerifyIDTextBox -->
  <testcase name="VerifyIDTextBox" time="0.000" classname="com.uno.test.DSMTest">
    <skipped/>
  </testcase> <!-- VerifyIDTextBox -->
  <testcase name="VerifyIDTextBox" time="0.000" classname="com.uno.test.DSMTest">
    <skipped/>
  </testcase> <!-- VerifyIDTextBox -->
  <testcase name="VerifyIDTextBox" time="0.000" classname="com.uno.test.DSMTest">
    <skipped/>
  </testcase> <!-- VerifyIDTextBox -->
  <testcase name="VerifyIDTextBox" time="0.000" classname="com.uno.test.DSMTest">
    <skipped/>
  </testcase> <!-- VerifyIDTextBox -->
  <testcase name="VerifyIDTextBox" time="0.000" classname="com.uno.test.DSMTest">
    <skipped/>
  </testcase> <!-- VerifyIDTextBox -->
  <testcase name="VerifyIDTextBox" time="0.000" classname="com.uno.test.DSMTest">
    <skipped/>
  </testcase> <!-- VerifyIDTextBox -->
  <testcase name="VerifyIDTextBox" time="0.000" classname="com.uno.test.DSMTest">
    <skipped/>
  </testcase> <!-- VerifyIDTextBox -->
  <testcase name="VerifyIDTextBox" time="0.000" classname="com.uno.test.DSMTest">
    <skipped/>
  </testcase> <!-- VerifyIDTextBox -->
  <testcase name="VerifyIDTextBox" time="0.000" classname="com.uno.test.DSMTest">
    <skipped/>
  </testcase> <!-- VerifyIDTextBox -->
  <testcase name="VerifyIDTextBox" time="0.000" classname="com.uno.test.DSMTest">
    <skipped/>
  </testcase> <!-- VerifyIDTextBox -->
  <testcase name="VerifyIDTextBox" time="0.000" classname="com.uno.test.DSMTest">
    <skipped/>
  </testcase> <!-- VerifyIDTextBox -->
  <testcase name="VerifyIDTextBox" time="0.000" classname="com.uno.test.DSMTest">
    <skipped/>
  </testcase> <!-- VerifyIDTextBox -->
  <testcase name="VerifyIDTextBox" time="0.000" classname="com.uno.test.DSMTest">
    <skipped/>
  </testcase> <!-- VerifyIDTextBox -->
  <testcase name="VerifyIDTextBox" time="0.000" classname="com.uno.test.DSMTest">
    <skipped/>
  </testcase> <!-- VerifyIDTextBox -->
  <testcase name="VerifyIDTextBox" time="0.000" classname="com.uno.test.DSMTest">
    <skipped/>
  </testcase> <!-- VerifyIDTextBox -->
  <testcase name="VerifyIDTextBox" time="0.000" classname="com.uno.test.DSMTest">
    <skipped/>
  </testcase> <!-- VerifyIDTextBox -->
  <testcase name="VerifyIDTextBox" time="0.000" classname="com.uno.test.DSMTest">
    <skipped/>
  </testcase> <!-- VerifyIDTextBox -->
  <testcase name="VerifyIDTextBox" time="0.000" classname="com.uno.test.DSMTest">
    <skipped/>
  </testcase> <!-- VerifyIDTextBox -->
  <testcase name="VerifyIDTextBox" time="0.000" classname="com.uno.test.DSMTest">
    <skipped/>
  </testcase> <!-- VerifyIDTextBox -->
  <testcase name="VerifyIDTextBox" time="0.000" classname="com.uno.test.DSMTest">
    <skipped/>
  </testcase> <!-- VerifyIDTextBox -->
  <testcase name="VerifyIDTextBox" time="0.000" classname="com.uno.test.DSMTest">
    <skipped/>
  </testcase> <!-- VerifyIDTextBox -->
  <testcase name="VerifyIDTextBox" time="0.000" classname="com.uno.test.DSMTest">
    <skipped/>
  </testcase> <!-- VerifyIDTextBox -->
  <testcase name="VerifyIDTextBox" time="0.000" classname="com.uno.test.DSMTest">
    <skipped/>
  </testcase> <!-- VerifyIDTextBox -->
  <testcase name="VerifyIDTextBox" time="0.000" classname="com.uno.test.DSMTest">
    <skipped/>
  </testcase> <!-- VerifyIDTextBox -->
  <testcase name="VerifyIDTextBox" time="0.000" classname="com.uno.test.DSMTest">
    <skipped/>
  </testcase> <!-- VerifyIDTextBox -->
  <testcase name="VerifyIDTextBox" time="0.000" classname="com.uno.test.DSMTest">
    <skipped/>
  </testcase> <!-- VerifyIDTextBox -->
  <testcase name="VerifyIDTextBox" time="0.000" classname="com.uno.test.DSMTest">
    <skipped/>
  </testcase> <!-- VerifyIDTextBox -->
  <testcase name="VerifyIDTextBox" time="0.000" classname="com.uno.test.DSMTest">
    <skipped/>
  </testcase> <!-- VerifyIDTextBox -->
  <testcase name="VerifyIDTextBox" time="0.000" classname="com.uno.test.DSMTest">
    <skipped/>
  </testcase> <!-- VerifyIDTextBox -->
  <testcase name="VerifyIDTextBox" time="0.000" classname="com.uno.test.DSMTest">
    <skipped/>
  </testcase> <!-- VerifyIDTextBox -->
  <testcase name="VerifyIDTextBox" time="0.000" classname="com.uno.test.DSMTest">
    <skipped/>
  </testcase> <!-- VerifyIDTextBox -->
  <testcase name="VerifyIDTextBox" time="0.000" classname="com.uno.test.DSMTest">
    <skipped/>
  </testcase> <!-- VerifyIDTextBox -->
  <testcase name="VerifyIDTextBox" time="0.000" classname="com.uno.test.DSMTest">
    <skipped/>
  </testcase> <!-- VerifyIDTextBox -->
  <testcase name="VerifyIDTextBox" time="0.000" classname="com.uno.test.DSMTest">
    <skipped/>
  </testcase> <!-- VerifyIDTextBox -->
  <testcase name="VerifyIDTextBox" time="0.000" classname="com.uno.test.DSMTest">
    <skipped/>
  </testcase> <!-- VerifyIDTextBox -->
  <testcase name="VerifyIDTextBox" time="0.000" classname="com.uno.test.DSMTest">
    <skipped/>
  </testcase> <!-- VerifyIDTextBox -->
  <testcase name="VerifyIDTextBox" time="0.000" classname="com.uno.test.DSMTest">
    <skipped/>
  </testcase> <!-- VerifyIDTextBox -->
  <testcase name="VerifyIDTextBox" time="0.000" classname="com.uno.test.DSMTest">
    <skipped/>
  </testcase> <!-- VerifyIDTextBox -->
  <testcase name="VerifyIDTextBox" time="0.000" classname="com.uno.test.DSMTest">
    <skipped/>
  </testcase> <!-- VerifyIDTextBox -->
  <testcase name="VerifyIDTextBox" time="0.000" classname="com.uno.test.DSMTest">
    <skipped/>
  </testcase> <!-- VerifyIDTextBox -->
  <testcase name="VerifyIDTextBox" time="0.000" classname="com.uno.test.DSMTest">
    <skipped/>
  </testcase> <!-- VerifyIDTextBox -->
  <testcase name="VerifyIDTextBox" time="0.000" classname="com.uno.test.DSMTest">
    <skipped/>
  </testcase> <!-- VerifyIDTextBox -->
  <testcase name="VerifyIDTextBox" time="0.000" classname="com.uno.test.DSMTest">
    <skipped/>
  </testcase> <!-- VerifyIDTextBox -->
  <testcase name="VerifyIDTextBox" time="0.000" classname="com.uno.test.DSMTest">
    <skipped/>
  </testcase> <!-- VerifyIDTextBox -->
  <testcase name="VerifyIDTextBox" time="0.000" classname="com.uno.test.DSMTest">
    <skipped/>
  </testcase> <!-- VerifyIDTextBox -->
  <testcase name="VerifyIDTextBox" time="0.000" classname="com.uno.test.DSMTest">
    <skipped/>
  </testcase> <!-- VerifyIDTextBox -->
  <testcase name="VerifyIDTextBox" time="0.000" classname="com.uno.test.DSMTest">
    <skipped/>
  </testcase> <!-- VerifyIDTextBox -->
  <testcase name="VerifyIDTextBox" time="0.000" classname="com.uno.test.DSMTest">
    <skipped/>
  </testcase> <!-- VerifyIDTextBox -->
  <testcase name="VerifyIDTextBox" time="0.000" classname="com.uno.test.DSMTest">
    <skipped/>
  </testcase> <!-- VerifyIDTextBox -->
  <testcase name="VerifyIDTextBox" time="0.000" classname="com.uno.test.DSMTest">
    <skipped/>
  </testcase> <!-- VerifyIDTextBox -->
  <testcase name="VerifyIDTextBox" time="0.000" classname="com.uno.test.DSMTest">
    <skipped/>
  </testcase> <!-- VerifyIDTextBox -->
  <testcase name="VerifyIDTextBox" time="0.000" classname="com.uno.test.DSMTest">
    <skipped/>
  </testcase> <!-- VerifyIDTextBox -->
  <testcase name="VerifyIDTextBox" time="0.000" classname="com.uno.test.DSMTest">
    <skipped/>
  </testcase> <!-- VerifyIDTextBox -->
  <testcase name="VerifyIDTextBox" time="0.000" classname="com.uno.test.DSMTest">
    <skipped/>
  </testcase> <!-- VerifyIDTextBox -->
  <testcase name="VerifyIDTextBox" time="0.000" classname="com.uno.test.DSMTest">
    <skipped/>
  </testcase> <!-- VerifyIDTextBox -->
  <testcase name="VerifyIDTextBox" time="0.000" classname="com.uno.test.DSMTest">
    <skipped/>
  </testcase> <!-- VerifyIDTextBox -->
  <testcase name="VerifyIDTextBox" time="0.000" classname="com.uno.test.DSMTest">
    <skipped/>
  </testcase> <!-- VerifyIDTextBox -->
  <testcase name="VerifyIDTextBox" time="0.000" classname="com.uno.test.DSMTest">
    <skipped/>
  </testcase> <!-- VerifyIDTextBox -->
  <testcase name="VerifyIDTextBox" time="0.000" classname="com.uno.test.DSMTest">
    <skipped/>
  </testcase> <!-- VerifyIDTextBox -->
  <testcase name="VerifyIDTextBox" time="0.000" classname="com.uno.test.DSMTest">
    <skipped/>
  </testcase> <!-- VerifyIDTextBox -->
  <testcase name="VerifyIDTextBox" time="0.000" classname="com.uno.test.DSMTest">
    <skipped/>
  </testcase> <!-- VerifyIDTextBox -->
  <testcase name="VerifyIDTextBox" time="0.000" classname="com.uno.test.DSMTest">
    <skipped/>
  </testcase> <!-- VerifyIDTextBox -->
  <testcase name="VerifyIDTextBox" time="0.000" classname="com.uno.test.DSMTest">
    <skipped/>
  </testcase> <!-- VerifyIDTextBox -->
  <testcase name="VerifyIDTextBox" time="0.000" classname="com.uno.test.DSMTest">
    <skipped/>
  </testcase> <!-- VerifyIDTextBox -->
  <testcase name="VerifyIDTextBox" time="0.000" classname="com.uno.test.DSMTest">
    <skipped/>
  </testcase> <!-- VerifyIDTextBox -->
  <testcase name="VerifyIDTextBox" time="0.000" classname="com.uno.test.DSMTest">
    <skipped/>
  </testcase> <!-- VerifyIDTextBox -->
  <testcase name="VerifyIDTextBox" time="0.000" classname="com.uno.test.DSMTest">
    <skipped/>
  </testcase> <!-- VerifyIDTextBox -->
  <testcase name="VerifyIDTextBox" time="0.000" classname="com.uno.test.DSMTest">
    <skipped/>
  </testcase> <!-- VerifyIDTextBox -->
  <testcase name="VerifyIDTextBox" time="0.000" classname="com.uno.test.DSMTest">
    <skipped/>
  </testcase> <!-- VerifyIDTextBox -->
  <testcase name="VerifyIDTextBox" time="0.000" classname="com.uno.test.DSMTest">
    <skipped/>
  </testcase> <!-- VerifyIDTextBox -->
  <testcase name="VerifyIDTextBox" time="0.000" classname="com.uno.test.DSMTest">
    <skipped/>
  </testcase> <!-- VerifyIDTextBox -->
  <testcase name="VerifyIDTextBox" time="0.000" classname="com.uno.test.DSMTest">
    <skipped/>
  </testcase> <!-- VerifyIDTextBox -->
  <testcase name="VerifyIDTextBox" time="0.000" classname="com.uno.test.DSMTest">
    <skipped/>
  </testcase> <!-- VerifyIDTextBox -->
  <testcase name="VerifyIDTextBox" time="0.000" classname="com.uno.test.DSMTest">
    <skipped/>
  </testcase> <!-- VerifyIDTextBox -->
  <testcase name="VerifyIDTextBox" time="0.000" classname="com.uno.test.DSMTest">
    <skipped/>
  </testcase> <!-- VerifyIDTextBox -->
  <testcase name="VerifyIDTextBox" time="0.000" classname="com.uno.test.DSMTest">
    <skipped/>
  </testcase> <!-- VerifyIDTextBox -->
  <testcase name="VerifyIDTextBox" time="0.000" classname="com.uno.test.DSMTest">
    <skipped/>
  </testcase> <!-- VerifyIDTextBox -->
  <testcase name="VerifyIDTextBox" time="0.000" classname="com.uno.test.DSMTest">
    <skipped/>
  </testcase> <!-- VerifyIDTextBox -->
  <testcase name="VerifyIDTextBox" time="0.000" classname="com.uno.test.DSMTest">
    <skipped/>
  </testcase> <!-- VerifyIDTextBox -->
  <testcase name="VerifyIDTextBox" time="0.000" classname="com.uno.test.DSMTest">
    <skipped/>
  </testcase> <!-- VerifyIDTextBox -->
  <testcase name="VerifyIDTextBox" time="0.000" classname="com.uno.test.DSMTest">
    <skipped/>
  </testcase> <!-- VerifyIDTextBox -->
  <testcase name="VerifyIDTextBox" time="0.000" classname="com.uno.test.DSMTest">
    <skipped/>
  </testcase> <!-- VerifyIDTextBox -->
  <testcase name="VerifyIDTextBox" time="0.000" classname="com.uno.test.DSMTest">
    <skipped/>
  </testcase> <!-- VerifyIDTextBox -->
  <testcase name="VerifyIDTextBox" time="0.000" classname="com.uno.test.DSMTest">
    <skipped/>
  </testcase> <!-- VerifyIDTextBox -->
  <testcase name="VerifyIDTextBox" time="0.000" classname="com.uno.test.DSMTest">
    <skipped/>
  </testcase> <!-- VerifyIDTextBox -->
  <testcase name="VerifyIDTextBox" time="0.000" classname="com.uno.test.DSMTest">
    <skipped/>
  </testcase> <!-- VerifyIDTextBox -->
  <testcase name="VerifyIDTextBox" time="0.000" classname="com.uno.test.DSMTest">
    <skipped/>
  </testcase> <!-- VerifyIDTextBox -->
  <testcase name="VerifyIDTextBox" time="0.000" classname="com.uno.test.DSMTest">
    <skipped/>
  </testcase> <!-- VerifyIDTextBox -->
  <testcase name="VerifyIDTextBox" time="0.000" classname="com.uno.test.DSMTest">
    <skipped/>
  </testcase> <!-- VerifyIDTextBox -->
  <testcase name="VerifyIDTextBox" time="0.000" classname="com.uno.test.DSMTest">
    <skipped/>
  </testcase> <!-- VerifyIDTextBox -->
  <testcase name="VerifyIDTextBox" time="0.000" classname="com.uno.test.DSMTest">
    <skipped/>
  </testcase> <!-- VerifyIDTextBox -->
  <testcase name="VerifyIDTextBox" time="0.000" classname="com.uno.test.DSMTest">
    <skipped/>
  </testcase> <!-- VerifyIDTextBox -->
  <testcase name="VerifyIDTextBox" time="0.000" classname="com.uno.test.DSMTest">
    <skipped/>
  </testcase> <!-- VerifyIDTextBox -->
  <testcase name="VerifyIDTextBox" time="0.000" classname="com.uno.test.DSMTest">
    <skipped/>
  </testcase> <!-- VerifyIDTextBox -->
  <testcase name="VerifyIDTextBox" time="0.000" classname="com.uno.test.DSMTest">
    <skipped/>
  </testcase> <!-- VerifyIDTextBox -->
  <testcase name="VerifyIDTextBox" time="0.000" classname="com.uno.test.DSMTest">
    <skipped/>
  </testcase> <!-- VerifyIDTextBox -->
  <testcase name="VerifyIDTextBox" time="0.000" classname="com.uno.test.DSMTest">
    <skipped/>
  </testcase> <!-- VerifyIDTextBox -->
  <testcase name="VerifyIDTextBox" time="0.000" classname="com.uno.test.DSMTest">
    <skipped/>
  </testcase> <!-- VerifyIDTextBox -->
  <testcase name="VerifyIDTextBox" time="0.000" classname="com.uno.test.DSMTest">
    <skipped/>
  </testcase> <!-- VerifyIDTextBox -->
  <testcase name="VerifyIDTextBox" time="0.000" classname="com.uno.test.DSMTest">
    <skipped/>
  </testcase> <!-- VerifyIDTextBox -->
  <testcase name="VerifyIDTextBox" time="0.000" classname="com.uno.test.DSMTest">
    <skipped/>
  </testcase> <!-- VerifyIDTextBox -->
  <testcase name="VerifyIDTextBox" time="0.000" classname="com.uno.test.DSMTest">
    <skipped/>
  </testcase> <!-- VerifyIDTextBox -->
  <testcase name="VerifyIDTextBox" time="0.000" classname="com.uno.test.DSMTest">
    <skipped/>
  </testcase> <!-- VerifyIDTextBox -->
  <testcase name="VerifyIDTextBox" time="0.000" classname="com.uno.test.DSMTest">
    <skipped/>
  </testcase> <!-- VerifyIDTextBox -->
  <testcase name="VerifyIDTextBox" time="0.000" classname="com.uno.test.DSMTest">
    <skipped/>
  </testcase> <!-- VerifyIDTextBox -->
  <testcase name="VerifyIDTextBox" time="0.000" classname="com.uno.test.DSMTest">
    <skipped/>
  </testcase> <!-- VerifyIDTextBox -->
  <testcase name="VerifyIDTextBox" time="0.000" classname="com.uno.test.DSMTest">
    <skipped/>
  </testcase> <!-- VerifyIDTextBox -->
  <testcase name="VerifyIDTextBox" time="0.000" classname="com.uno.test.DSMTest">
    <skipped/>
  </testcase> <!-- VerifyIDTextBox -->
  <testcase name="VerifyIDTextBox" time="0.000" classname="com.uno.test.DSMTest">
    <skipped/>
  </testcase> <!-- VerifyIDTextBox -->
  <testcase name="VerifyIDTextBox" time="0.000" classname="com.uno.test.DSMTest">
    <skipped/>
  </testcase> <!-- VerifyIDTextBox -->
  <testcase name="VerifyIDTextBox" time="0.000" classname="com.uno.test.DSMTest">
    <skipped/>
  </testcase> <!-- VerifyIDTextBox -->
  <testcase name="VerifyIDTextBox" time="0.000" classname="com.uno.test.DSMTest">
    <skipped/>
  </testcase> <!-- VerifyIDTextBox -->
  <testcase name="VerifyIDTextBox" time="0.000" classname="com.uno.test.DSMTest">
    <skipped/>
  </testcase> <!-- VerifyIDTextBox -->
  <testcase name="VerifyIDTextBox" time="0.000" classname="com.uno.test.DSMTest">
    <skipped/>
  </testcase> <!-- VerifyIDTextBox -->
  <testcase name="VerifyIDTextBox" time="0.000" classname="com.uno.test.DSMTest">
    <skipped/>
  </testcase> <!-- VerifyIDTextBox -->
  <testcase name="VerifyIDTextBox" time="0.000" classname="com.uno.test.DSMTest">
    <skipped/>
  </testcase> <!-- VerifyIDTextBox -->
  <testcase name="VerifyIDTextBox" time="0.000" classname="com.uno.test.DSMTest">
    <skipped/>
  </testcase> <!-- VerifyIDTextBox -->
  <testcase name="VerifyIDTextBox" time="0.000" classname="com.uno.test.DSMTest">
    <skipped/>
  </testcase> <!-- VerifyIDTextBox -->
  <testcase name="VerifyIDTextBox" time="0.000" classname="com.uno.test.DSMTest">
    <skipped/>
  </testcase> <!-- VerifyIDTextBox -->
  <testcase name="VerifyIDTextBox" time="0.000" classname="com.uno.test.DSMTest">
    <skipped/>
  </testcase> <!-- VerifyIDTextBox -->
  <testcase name="VerifyIDTextBox" time="0.000" classname="com.uno.test.DSMTest">
    <skipped/>
  </testcase> <!-- VerifyIDTextBox -->
  <testcase name="VerifyIDTextBox" time="0.000" classname="com.uno.test.DSMTest">
    <skipped/>
  </testcase> <!-- VerifyIDTextBox -->
  <testcase name="VerifyIDTextBox" time="0.000" classname="com.uno.test.DSMTest">
    <skipped/>
  </testcase> <!-- VerifyIDTextBox -->
  <testcase name="VerifyIDTextBox" time="0.000" classname="com.uno.test.DSMTest">
    <skipped/>
  </testcase> <!-- VerifyIDTextBox -->
  <testcase name="VerifyIDTextBox" time="0.000" classname="com.uno.test.DSMTest">
    <skipped/>
  </testcase> <!-- VerifyIDTextBox -->
  <testcase name="VerifyIDTextBox" time="0.000" classname="com.uno.test.DSMTest">
    <skipped/>
  </testcase> <!-- VerifyIDTextBox -->
  <testcase name="VerifyIDTextBox" time="0.000" classname="com.uno.test.DSMTest">
    <skipped/>
  </testcase> <!-- VerifyIDTextBox -->
  <testcase name="VerifyIDTextBox" time="0.000" classname="com.uno.test.DSMTest">
    <skipped/>
  </testcase> <!-- VerifyIDTextBox -->
  <testcase name="VerifyIDTextBox" time="0.000" classname="com.uno.test.DSMTest">
    <skipped/>
  </testcase> <!-- VerifyIDTextBox -->
  <testcase name="VerifyIDTextBox" time="0.000" classname="com.uno.test.DSMTest">
    <skipped/>
  </testcase> <!-- VerifyIDTextBox -->
  <testcase name="VerifyIDTextBox" time="0.000" classname="com.uno.test.DSMTest">
    <skipped/>
  </testcase> <!-- VerifyIDTextBox -->
  <testcase name="VerifyIDTextBox" time="0.000" classname="com.uno.test.DSMTest">
    <skipped/>
  </testcase> <!-- VerifyIDTextBox -->
  <testcase name="VerifyIDTextBox" time="0.000" classname="com.uno.test.DSMTest">
    <skipped/>
  </testcase> <!-- VerifyIDTextBox -->
  <testcase name="VerifyIDTextBox" time="0.000" classname="com.uno.test.DSMTest">
    <skipped/>
  </testcase> <!-- VerifyIDTextBox -->
  <testcase name="VerifyIDTextBox" time="0.000" classname="com.uno.test.DSMTest">
    <skipped/>
  </testcase> <!-- VerifyIDTextBox -->
  <testcase name="VerifyIDTextBox" time="0.000" classname="com.uno.test.DSMTest">
    <skipped/>
  </testcase> <!-- VerifyIDTextBox -->
  <testcase name="VerifyIDTextBox" time="0.000" classname="com.uno.test.DSMTest">
    <skipped/>
  </testcase> <!-- VerifyIDTextBox -->
  <testcase name="VerifyIDTextBox" time="0.000" classname="com.uno.test.DSMTest">
    <skipped/>
  </testcase> <!-- VerifyIDTextBox -->
  <testcase name="VerifyIDTextBox" time="0.000" classname="com.uno.test.DSMTest">
    <skipped/>
  </testcase> <!-- VerifyIDTextBox -->
  <testcase name="VerifyIDTextBox" time="0.000" classname="com.uno.test.DSMTest">
    <skipped/>
  </testcase> <!-- VerifyIDTextBox -->
  <testcase name="VerifyIDTextBox" time="0.000" classname="com.uno.test.DSMTest">
    <skipped/>
  </testcase> <!-- VerifyIDTextBox -->
  <testcase name="VerifyIDTextBox" time="0.000" classname="com.uno.test.DSMTest">
    <skipped/>
  </testcase> <!-- VerifyIDTextBox -->
  <testcase name="VerifyIDTextBox" time="0.000" classname="com.uno.test.DSMTest">
    <skipped/>
  </testcase> <!-- VerifyIDTextBox -->
  <testcase name="VerifyIDTextBox" time="0.000" classname="com.uno.test.DSMTest">
    <skipped/>
  </testcase> <!-- VerifyIDTextBox -->
  <testcase name="VerifyIDTextBox" time="0.000" classname="com.uno.test.DSMTest">
    <skipped/>
  </testcase> <!-- VerifyIDTextBox -->
  <testcase name="VerifyIDTextBox" time="0.000" classname="com.uno.test.DSMTest">
    <skipped/>
  </testcase> <!-- VerifyIDTextBox -->
  <testcase name="VerifyIDTextBox" time="0.000" classname="com.uno.test.DSMTest">
    <skipped/>
  </testcase> <!-- VerifyIDTextBox -->
  <testcase name="VerifyIDTextBox" time="0.000" classname="com.uno.test.DSMTest">
    <skipped/>
  </testcase> <!-- VerifyIDTextBox -->
  <testcase name="VerifyIDTextBox" time="0.000" classname="com.uno.test.DSMTest">
    <skipped/>
  </testcase> <!-- VerifyIDTextBox -->
  <testcase name="VerifyIDTextBox" time="0.000" classname="com.uno.test.DSMTest">
    <skipped/>
  </testcase> <!-- VerifyIDTextBox -->
  <testcase name="VerifyIDTextBox" time="0.000" classname="com.uno.test.DSMTest">
    <skipped/>
  </testcase> <!-- VerifyIDTextBox -->
  <testcase name="VerifyIDTextBox" time="0.000" classname="com.uno.test.DSMTest">
    <skipped/>
  </testcase> <!-- VerifyIDTextBox -->
  <testcase name="VerifyIDTextBox" time="0.000" classname="com.uno.test.DSMTest">
    <skipped/>
  </testcase> <!-- VerifyIDTextBox -->
  <testcase name="VerifyIDTextBox" time="0.000" classname="com.uno.test.DSMTest">
    <skipped/>
  </testcase> <!-- VerifyIDTextBox -->
  <testcase name="VerifyIDTextBox" time="0.000" classname="com.uno.test.DSMTest">
    <skipped/>
  </testcase> <!-- VerifyIDTextBox -->
  <testcase name="VerifyIDTextBox" time="0.000" classname="com.uno.test.DSMTest">
    <skipped/>
  </testcase> <!-- VerifyIDTextBox -->
  <testcase name="VerifyIDTextBox" time="0.000" classname="com.uno.test.DSMTest">
    <skipped/>
  </testcase> <!-- VerifyIDTextBox -->
  <testcase name="VerifyIDTextBox" time="0.000" classname="com.uno.test.DSMTest">
    <skipped/>
  </testcase> <!-- VerifyIDTextBox -->
  <testcase name="VerifyIDTextBox" time="0.000" classname="com.uno.test.DSMTest">
    <skipped/>
  </testcase> <!-- VerifyIDTextBox -->
  <testcase name="VerifyIDTextBox" time="0.000" classname="com.uno.test.DSMTest">
    <skipped/>
  </testcase> <!-- VerifyIDTextBox -->
  <testcase name="VerifyIDTextBox" time="0.000" classname="com.uno.test.DSMTest">
    <skipped/>
  </testcase> <!-- VerifyIDTextBox -->
  <testcase name="VerifyIDTextBox" time="0.000" classname="com.uno.test.DSMTest">
    <skipped/>
  </testcase> <!-- VerifyIDTextBox -->
  <testcase name="VerifyIDTextBox" time="0.000" classname="com.uno.test.DSMTest">
    <skipped/>
  </testcase> <!-- VerifyIDTextBox -->
  <testcase name="VerifyIDTextBox" time="0.000" classname="com.uno.test.DSMTest">
    <skipped/>
  </testcase> <!-- VerifyIDTextBox -->
  <testcase name="VerifyIDTextBox" time="0.000" classname="com.uno.test.DSMTest">
    <skipped/>
  </testcase> <!-- VerifyIDTextBox -->
  <testcase name="VerifyIDTextBox" time="0.000" classname="com.uno.test.DSMTest">
    <skipped/>
  </testcase> <!-- VerifyIDTextBox -->
  <testcase name="VerifyIDTextBox" time="0.000" classname="com.uno.test.DSMTest">
    <skipped/>
  </testcase> <!-- VerifyIDTextBox -->
  <testcase name="VerifyIDTextBox" time="0.000" classname="com.uno.test.DSMTest">
    <skipped/>
  </testcase> <!-- VerifyIDTextBox -->
  <testcase name="VerifyIDTextBox" time="0.000" classname="com.uno.test.DSMTest">
    <skipped/>
  </testcase> <!-- VerifyIDTextBox -->
  <testcase name="VerifyIDTextBox" time="0.000" classname="com.uno.test.DSMTest">
    <skipped/>
  </testcase> <!-- VerifyIDTextBox -->
  <testcase name="VerifyIDTextBox" time="0.000" classname="com.uno.test.DSMTest">
    <skipped/>
  </testcase> <!-- VerifyIDTextBox -->
  <testcase name="VerifyIDTextBox" time="0.000" classname="com.uno.test.DSMTest">
    <skipped/>
  </testcase> <!-- VerifyIDTextBox -->
  <testcase name="VerifyIDTextBox" time="0.000" classname="com.uno.test.DSMTest">
    <skipped/>
  </testcase> <!-- VerifyIDTextBox -->
  <testcase name="VerifyIDTextBox" time="0.000" classname="com.uno.test.DSMTest">
    <skipped/>
  </testcase> <!-- VerifyIDTextBox -->
  <testcase name="VerifyIDTextBox" time="0.000" classname="com.uno.test.DSMTest">
    <skipped/>
  </testcase> <!-- VerifyIDTextBox -->
  <testcase name="VerifyIDTextBox" time="0.000" classname="com.uno.test.DSMTest">
    <skipped/>
  </testcase> <!-- VerifyIDTextBox -->
  <testcase name="VerifyIDTextBox" time="0.000" classname="com.uno.test.DSMTest">
    <skipped/>
  </testcase> <!-- VerifyIDTextBox -->
  <testcase name="VerifyIDTextBox" time="0.000" classname="com.uno.test.DSMTest">
    <skipped/>
  </testcase> <!-- VerifyIDTextBox -->
  <testcase name="VerifyIDTextBox" time="0.000" classname="com.uno.test.DSMTest">
    <skipped/>
  </testcase> <!-- VerifyIDTextBox -->
  <testcase name="VerifyIDTextBox" time="0.000" classname="com.uno.test.DSMTest">
    <skipped/>
  </testcase> <!-- VerifyIDTextBox -->
  <testcase name="VerifyIDTextBox" time="0.000" classname="com.uno.test.DSMTest">
    <skipped/>
  </testcase> <!-- VerifyIDTextBox -->
  <testcase name="VerifyIDTextBox" time="0.000" classname="com.uno.test.DSMTest">
    <skipped/>
  </testcase> <!-- VerifyIDTextBox -->
  <testcase name="VerifyIDTextBox" time="0.000" classname="com.uno.test.DSMTest">
    <skipped/>
  </testcase> <!-- VerifyIDTextBox -->
  <testcase name="VerifyIDTextBox" time="0.000" classname="com.uno.test.DSMTest">
    <skipped/>
  </testcase> <!-- VerifyIDTextBox -->
  <testcase name="VerifyIDTextBox" time="0.000" classname="com.uno.test.DSMTest">
    <skipped/>
  </testcase> <!-- VerifyIDTextBox -->
  <testcase name="VerifyIDTextBox" time="0.000" classname="com.uno.test.DSMTest">
    <skipped/>
  </testcase> <!-- VerifyIDTextBox -->
  <testcase name="VerifyIDTextBox" time="0.000" classname="com.uno.test.DSMTest">
    <skipped/>
  </testcase> <!-- VerifyIDTextBox -->
  <testcase name="VerifyIDTextBox" time="0.000" classname="com.uno.test.DSMTest">
    <skipped/>
  </testcase> <!-- VerifyIDTextBox -->
  <testcase name="VerifyIDTextBox" time="0.000" classname="com.uno.test.DSMTest">
    <skipped/>
  </testcase> <!-- VerifyIDTextBox -->
  <testcase name="VerifyIDTextBox" time="0.000" classname="com.uno.test.DSMTest">
    <skipped/>
  </testcase> <!-- VerifyIDTextBox -->
  <testcase name="VerifyIDTextBox" time="0.000" classname="com.uno.test.DSMTest">
    <skipped/>
  </testcase> <!-- VerifyIDTextBox -->
  <testcase name="VerifyIDTextBox" time="0.000" classname="com.uno.test.DSMTest">
    <skipped/>
  </testcase> <!-- VerifyIDTextBox -->
  <testcase name="VerifyIDTextBox" time="0.000" classname="com.uno.test.DSMTest">
    <skipped/>
  </testcase> <!-- VerifyIDTextBox -->
  <testcase name="VerifyIDTextBox" time="0.000" classname="com.uno.test.DSMTest">
    <skipped/>
  </testcase> <!-- VerifyIDTextBox -->
  <testcase name="VerifyIDTextBox" time="0.000" classname="com.uno.test.DSMTest">
    <skipped/>
  </testcase> <!-- VerifyIDTextBox -->
  <testcase name="VerifyIDTextBox" time="0.000" classname="com.uno.test.DSMTest">
    <skipped/>
  </testcase> <!-- VerifyIDTextBox -->
  <testcase name="VerifyIDTextBox" time="0.000" classname="com.uno.test.DSMTest">
    <skipped/>
  </testcase> <!-- VerifyIDTextBox -->
  <testcase name="VerifyIDTextBox" time="0.000" classname="com.uno.test.DSMTest">
    <skipped/>
  </testcase> <!-- VerifyIDTextBox -->
  <testcase name="VerifyIDTextBox" time="0.000" classname="com.uno.test.DSMTest">
    <skipped/>
  </testcase> <!-- VerifyIDTextBox -->
  <testcase name="VerifyIDTextBox" time="0.000" classname="com.uno.test.DSMTest">
    <skipped/>
  </testcase> <!-- VerifyIDTextBox -->
  <testcase name="VerifyIDTextBox" time="0.000" classname="com.uno.test.DSMTest">
    <skipped/>
  </testcase> <!-- VerifyIDTextBox -->
  <testcase name="VerifyIDTextBox" time="0.000" classname="com.uno.test.DSMTest">
    <skipped/>
  </testcase> <!-- VerifyIDTextBox -->
  <testcase name="VerifyIDTextBox" time="0.000" classname="com.uno.test.DSMTest">
    <skipped/>
  </testcase> <!-- VerifyIDTextBox -->
  <testcase name="VerifyIDTextBox" time="0.000" classname="com.uno.test.DSMTest">
    <skipped/>
  </testcase> <!-- VerifyIDTextBox -->
  <testcase name="VerifyIDTextBox" time="0.000" classname="com.uno.test.DSMTest">
    <skipped/>
  </testcase> <!-- VerifyIDTextBox -->
  <testcase name="VerifyIDTextBox" time="0.000" classname="com.uno.test.DSMTest">
    <skipped/>
  </testcase> <!-- VerifyIDTextBox -->
  <testcase name="VerifyIDTextBox" time="0.000" classname="com.uno.test.DSMTest">
    <skipped/>
  </testcase> <!-- VerifyIDTextBox -->
  <testcase name="VerifyIDTextBox" time="0.000" classname="com.uno.test.DSMTest">
    <skipped/>
  </testcase> <!-- VerifyIDTextBox -->
  <testcase name="VerifyIDTextBox" time="0.000" classname="com.uno.test.DSMTest">
    <skipped/>
  </testcase> <!-- VerifyIDTextBox -->
  <testcase name="VerifyIDTextBox" time="0.000" classname="com.uno.test.DSMTest">
    <skipped/>
  </testcase> <!-- VerifyIDTextBox -->
  <testcase name="VerifyIDTextBox" time="0.000" classname="com.uno.test.DSMTest">
    <skipped/>
  </testcase> <!-- VerifyIDTextBox -->
  <testcase name="VerifyIDTextBox" time="0.000" classname="com.uno.test.DSMTest">
    <skipped/>
  </testcase> <!-- VerifyIDTextBox -->
  <testcase name="VerifyIDTextBox" time="0.000" classname="com.uno.test.DSMTest">
    <skipped/>
  </testcase> <!-- VerifyIDTextBox -->
  <testcase name="VerifyIDTextBox" time="0.000" classname="com.uno.test.DSMTest">
    <skipped/>
  </testcase> <!-- VerifyIDTextBox -->
  <testcase name="VerifyIDTextBox" time="0.000" classname="com.uno.test.DSMTest">
    <skipped/>
  </testcase> <!-- VerifyIDTextBox -->
  <testcase name="VerifyIDTextBox" time="0.000" classname="com.uno.test.DSMTest">
    <skipped/>
  </testcase> <!-- VerifyIDTextBox -->
  <testcase name="VerifyIDTextBox" time="0.000" classname="com.uno.test.DSMTest">
    <skipped/>
  </testcase> <!-- VerifyIDTextBox -->
  <testcase name="VerifyIDTextBox" time="0.000" classname="com.uno.test.DSMTest">
    <skipped/>
  </testcase> <!-- VerifyIDTextBox -->
  <testcase name="VerifyIDTextBox" time="0.000" classname="com.uno.test.DSMTest">
    <skipped/>
  </testcase> <!-- VerifyIDTextBox -->
  <testcase name="VerifyIDTextBox" time="0.000" classname="com.uno.test.DSMTest">
    <skipped/>
  </testcase> <!-- VerifyIDTextBox -->
  <testcase name="VerifyIDTextBox" time="0.000" classname="com.uno.test.DSMTest">
    <skipped/>
  </testcase> <!-- VerifyIDTextBox -->
  <testcase name="VerifyIDTextBox" time="0.000" classname="com.uno.test.DSMTest">
    <skipped/>
  </testcase> <!-- VerifyIDTextBox -->
  <testcase name="VerifyIDTextBox" time="0.000" classname="com.uno.test.DSMTest">
    <skipped/>
  </testcase> <!-- VerifyIDTextBox -->
  <testcase name="VerifyIDTextBox" time="0.000" classname="com.uno.test.DSMTest">
    <skipped/>
  </testcase> <!-- VerifyIDTextBox -->
  <testcase name="VerifyIDTextBox" time="0.000" classname="com.uno.test.DSMTest">
    <skipped/>
  </testcase> <!-- VerifyIDTextBox -->
  <testcase name="VerifyIDTextBox" time="0.000" classname="com.uno.test.DSMTest">
    <skipped/>
  </testcase> <!-- VerifyIDTextBox -->
  <testcase name="VerifyIDTextBox" time="0.000" classname="com.uno.test.DSMTest">
    <skipped/>
  </testcase> <!-- VerifyIDTextBox -->
  <testcase name="VerifyIDTextBox" time="0.000" classname="com.uno.test.DSMTest">
    <skipped/>
  </testcase> <!-- VerifyIDTextBox -->
  <testcase name="VerifyIDTextBox" time="0.000" classname="com.uno.test.DSMTest">
    <skipped/>
  </testcase> <!-- VerifyIDTextBox -->
  <testcase name="VerifyIDTextBox" time="0.000" classname="com.uno.test.DSMTest">
    <skipped/>
  </testcase> <!-- VerifyIDTextBox -->
  <testcase name="VerifyIDTextBox" time="0.000" classname="com.uno.test.DSMTest">
    <skipped/>
  </testcase> <!-- VerifyIDTextBox -->
  <testcase name="VerifyIDTextBox" time="0.000" classname="com.uno.test.DSMTest">
    <skipped/>
  </testcase> <!-- VerifyIDTextBox -->
  <testcase name="VerifyIDTextBox" time="0.000" classname="com.uno.test.DSMTest">
    <skipped/>
  </testcase> <!-- VerifyIDTextBox -->
  <testcase name="VerifyIDTextBox" time="0.000" classname="com.uno.test.DSMTest">
    <skipped/>
  </testcase> <!-- VerifyIDTextBox -->
  <testcase name="VerifyIDTextBox" time="0.000" classname="com.uno.test.DSMTest">
    <skipped/>
  </testcase> <!-- VerifyIDTextBox -->
  <testcase name="VerifyIDTextBox" time="0.000" classname="com.uno.test.DSMTest">
    <skipped/>
  </testcase> <!-- VerifyIDTextBox -->
  <testcase name="VerifyIDTextBox" time="0.000" classname="com.uno.test.DSMTest">
    <skipped/>
  </testcase> <!-- VerifyIDTextBox -->
  <testcase name="VerifyIDTextBox" time="0.000" classname="com.uno.test.DSMTest">
    <skipped/>
  </testcase> <!-- VerifyIDTextBox -->
  <testcase name="VerifyIDTextBox" time="0.000" classname="com.uno.test.DSMTest">
    <skipped/>
  </testcase> <!-- VerifyIDTextBox -->
  <testcase name="VerifyIDTextBox" time="0.000" classname="com.uno.test.DSMTest">
    <skipped/>
  </testcase> <!-- VerifyIDTextBox -->
  <testcase name="VerifyIDTextBox" time="0.000" classname="com.uno.test.DSMTest">
    <skipped/>
  </testcase> <!-- VerifyIDTextBox -->
  <testcase name="VerifyIDTextBox" time="0.000" classname="com.uno.test.DSMTest">
    <skipped/>
  </testcase> <!-- VerifyIDTextBox -->
  <testcase name="VerifyIDTextBox" time="0.000" classname="com.uno.test.DSMTest">
    <skipped/>
  </testcase> <!-- VerifyIDTextBox -->
  <testcase name="VerifyIDTextBox" time="0.000" classname="com.uno.test.DSMTest">
    <skipped/>
  </testcase> <!-- VerifyIDTextBox -->
  <testcase name="VerifyIDTextBox" time="0.000" classname="com.uno.test.DSMTest">
    <skipped/>
  </testcase> <!-- VerifyIDTextBox -->
  <testcase name="VerifyIDTextBox" time="0.000" classname="com.uno.test.DSMTest">
    <skipped/>
  </testcase> <!-- VerifyIDTextBox -->
  <testcase name="VerifyIDTextBox" time="0.000" classname="com.uno.test.DSMTest">
    <skipped/>
  </testcase> <!-- VerifyIDTextBox -->
  <testcase name="VerifyIDTextBox" time="0.000" classname="com.uno.test.DSMTest">
    <skipped/>
  </testcase> <!-- VerifyIDTextBox -->
  <testcase name="VerifyIDTextBox" time="0.000" classname="com.uno.test.DSMTest">
    <skipped/>
  </testcase> <!-- VerifyIDTextBox -->
  <testcase name="VerifyIDTextBox" time="0.000" classname="com.uno.test.DSMTest">
    <skipped/>
  </testcase> <!-- VerifyIDTextBox -->
  <testcase name="VerifyIDTextBox" time="0.000" classname="com.uno.test.DSMTest">
    <skipped/>
  </testcase> <!-- VerifyIDTextBox -->
  <testcase name="VerifyIDTextBox" time="0.000" classname="com.uno.test.DSMTest">
    <skipped/>
  </testcase> <!-- VerifyIDTextBox -->
  <testcase name="VerifyIDTextBox" time="0.000" classname="com.uno.test.DSMTest">
    <skipped/>
  </testcase> <!-- VerifyIDTextBox -->
  <testcase name="VerifyIDTextBox" time="0.000" classname="com.uno.test.DSMTest">
    <skipped/>
  </testcase> <!-- VerifyIDTextBox -->
  <testcase name="VerifyIDTextBox" time="0.000" classname="com.uno.test.DSMTest">
    <skipped/>
  </testcase> <!-- VerifyIDTextBox -->
  <testcase name="VerifyIDTextBox" time="0.000" classname="com.uno.test.DSMTest">
    <skipped/>
  </testcase> <!-- VerifyIDTextBox -->
  <testcase name="VerifyIDTextBox" time="0.000" classname="com.uno.test.DSMTest">
    <skipped/>
  </testcase> <!-- VerifyIDTextBox -->
  <testcase name="VerifyIDTextBox" time="0.000" classname="com.uno.test.DSMTest">
    <skipped/>
  </testcase> <!-- VerifyIDTextBox -->
  <testcase name="VerifyIDTextBox" time="0.000" classname="com.uno.test.DSMTest">
    <skipped/>
  </testcase> <!-- VerifyIDTextBox -->
  <testcase name="VerifyIDTextBox" time="0.000" classname="com.uno.test.DSMTest">
    <skipped/>
  </testcase> <!-- VerifyIDTextBox -->
  <testcase name="VerifyIDTextBox" time="0.000" classname="com.uno.test.DSMTest">
    <skipped/>
  </testcase> <!-- VerifyIDTextBox -->
  <testcase name="VerifyIDTextBox" time="0.000" classname="com.uno.test.DSMTest">
    <skipped/>
  </testcase> <!-- VerifyIDTextBox -->
  <testcase name="VerifyIDTextBox" time="0.000" classname="com.uno.test.DSMTest">
    <skipped/>
  </testcase> <!-- VerifyIDTextBox -->
  <testcase name="VerifyIDTextBox" time="0.000" classname="com.uno.test.DSMTest">
    <skipped/>
  </testcase> <!-- VerifyIDTextBox -->
  <testcase name="VerifyIDTextBox" time="0.000" classname="com.uno.test.DSMTest">
    <skipped/>
  </testcase> <!-- VerifyIDTextBox -->
  <testcase name="VerifyIDTextBox" time="0.000" classname="com.uno.test.DSMTest">
    <skipped/>
  </testcase> <!-- VerifyIDTextBox -->
  <testcase name="VerifyIDTextBox" time="0.000" classname="com.uno.test.DSMTest">
    <skipped/>
  </testcase> <!-- VerifyIDTextBox -->
  <testcase name="VerifyIDTextBox" time="0.000" classname="com.uno.test.DSMTest">
    <skipped/>
  </testcase> <!-- VerifyIDTextBox -->
  <testcase name="VerifyIDTextBox" time="0.000" classname="com.uno.test.DSMTest">
    <skipped/>
  </testcase> <!-- VerifyIDTextBox -->
  <testcase name="VerifyIDTextBox" time="0.000" classname="com.uno.test.DSMTest">
    <skipped/>
  </testcase> <!-- VerifyIDTextBox -->
  <testcase name="VerifyIDTextBox" time="0.000" classname="com.uno.test.DSMTest">
    <skipped/>
  </testcase> <!-- VerifyIDTextBox -->
  <testcase name="VerifyIDTextBox" time="0.000" classname="com.uno.test.DSMTest">
    <skipped/>
  </testcase> <!-- VerifyIDTextBox -->
  <testcase name="VerifyIDTextBox" time="0.000" classname="com.uno.test.DSMTest">
    <skipped/>
  </testcase> <!-- VerifyIDTextBox -->
  <testcase name="VerifyIDTextBox" time="0.000" classname="com.uno.test.DSMTest">
    <skipped/>
  </testcase> <!-- VerifyIDTextBox -->
  <testcase name="VerifyIDTextBox" time="0.000" classname="com.uno.test.DSMTest">
    <skipped/>
  </testcase> <!-- VerifyIDTextBox -->
  <testcase name="VerifyIDTextBox" time="0.000" classname="com.uno.test.DSMTest">
    <skipped/>
  </testcase> <!-- VerifyIDTextBox -->
  <testcase name="VerifyIDTextBox" time="0.000" classname="com.uno.test.DSMTest">
    <skipped/>
  </testcase> <!-- VerifyIDTextBox -->
  <testcase name="VerifyIDTextBox" time="0.000" classname="com.uno.test.DSMTest">
    <skipped/>
  </testcase> <!-- VerifyIDTextBox -->
  <testcase name="VerifyIDTextBox" time="0.000" classname="com.uno.test.DSMTest">
    <skipped/>
  </testcase> <!-- VerifyIDTextBox -->
  <testcase name="VerifyIDTextBox" time="0.000" classname="com.uno.test.DSMTest">
    <skipped/>
  </testcase> <!-- VerifyIDTextBox -->
  <testcase name="VerifyIDTextBox" time="0.000" classname="com.uno.test.DSMTest">
    <skipped/>
  </testcase> <!-- VerifyIDTextBox -->
  <testcase name="VerifyIDTextBox" time="0.000" classname="com.uno.test.DSMTest">
    <skipped/>
  </testcase> <!-- VerifyIDTextBox -->
  <testcase name="VerifyIDTextBox" time="0.000" classname="com.uno.test.DSMTest">
    <skipped/>
  </testcase> <!-- VerifyIDTextBox -->
  <testcase name="VerifyIDTextBox" time="0.000" classname="com.uno.test.DSMTest">
    <skipped/>
  </testcase> <!-- VerifyIDTextBox -->
  <testcase name="VerifyIDTextBox" time="0.000" classname="com.uno.test.DSMTest">
    <skipped/>
  </testcase> <!-- VerifyIDTextBox -->
  <testcase name="VerifyIDTextBox" time="0.000" classname="com.uno.test.DSMTest">
    <skipped/>
  </testcase> <!-- VerifyIDTextBox -->
  <testcase name="VerifyIDTextBox" time="0.000" classname="com.uno.test.DSMTest">
    <skipped/>
  </testcase> <!-- VerifyIDTextBox -->
  <testcase name="VerifyIDTextBox" time="0.000" classname="com.uno.test.DSMTest">
    <skipped/>
  </testcase> <!-- VerifyIDTextBox -->
  <testcase name="VerifyIDTextBox" time="0.000" classname="com.uno.test.DSMTest">
    <skipped/>
  </testcase> <!-- VerifyIDTextBox -->
  <testcase name="VerifyIDTextBox" time="0.000" classname="com.uno.test.DSMTest">
    <skipped/>
  </testcase> <!-- VerifyIDTextBox -->
  <testcase name="VerifyIDTextBox" time="0.000" classname="com.uno.test.DSMTest">
    <skipped/>
  </testcase> <!-- VerifyIDTextBox -->
  <testcase name="VerifyIDTextBox" time="0.000" classname="com.uno.test.DSMTest">
    <skipped/>
  </testcase> <!-- VerifyIDTextBox -->
  <testcase name="VerifyIDTextBox" time="0.000" classname="com.uno.test.DSMTest">
    <skipped/>
  </testcase> <!-- VerifyIDTextBox -->
  <testcase name="VerifyIDTextBox" time="0.000" classname="com.uno.test.DSMTest">
    <skipped/>
  </testcase> <!-- VerifyIDTextBox -->
  <testcase name="VerifyIDTextBox" time="0.000" classname="com.uno.test.DSMTest">
    <skipped/>
  </testcase> <!-- VerifyIDTextBox -->
  <testcase name="VerifyIDTextBox" time="0.000" classname="com.uno.test.DSMTest">
    <skipped/>
  </testcase> <!-- VerifyIDTextBox -->
  <testcase name="VerifyIDTextBox" time="0.000" classname="com.uno.test.DSMTest">
    <skipped/>
  </testcase> <!-- VerifyIDTextBox -->
  <testcase name="VerifyIDTextBox" time="0.000" classname="com.uno.test.DSMTest">
    <skipped/>
  </testcase> <!-- VerifyIDTextBox -->
  <testcase name="VerifyIDTextBox" time="0.000" classname="com.uno.test.DSMTest">
    <skipped/>
  </testcase> <!-- VerifyIDTextBox -->
  <testcase name="VerifyIDTextBox" time="0.000" classname="com.uno.test.DSMTest">
    <skipped/>
  </testcase> <!-- VerifyIDTextBox -->
  <testcase name="VerifyIDTextBox" time="0.000" classname="com.uno.test.DSMTest">
    <skipped/>
  </testcase> <!-- VerifyIDTextBox -->
  <testcase name="VerifyIDTextBox" time="0.000" classname="com.uno.test.DSMTest">
    <skipped/>
  </testcase> <!-- VerifyIDTextBox -->
  <testcase name="VerifyIDTextBox" time="0.000" classname="com.uno.test.DSMTest">
    <skipped/>
  </testcase> <!-- VerifyIDTextBox -->
  <testcase name="VerifyIDTextBox" time="0.000" classname="com.uno.test.DSMTest">
    <skipped/>
  </testcase> <!-- VerifyIDTextBox -->
  <testcase name="VerifyIDTextBox" time="0.000" classname="com.uno.test.DSMTest">
    <skipped/>
  </testcase> <!-- VerifyIDTextBox -->
  <testcase name="VerifyIDTextBox" time="0.000" classname="com.uno.test.DSMTest">
    <skipped/>
  </testcase> <!-- VerifyIDTextBox -->
  <testcase name="VerifyIDTextBox" time="0.000" classname="com.uno.test.DSMTest">
    <skipped/>
  </testcase> <!-- VerifyIDTextBox -->
  <testcase name="VerifyIDTextBox" time="0.000" classname="com.uno.test.DSMTest">
    <skipped/>
  </testcase> <!-- VerifyIDTextBox -->
  <testcase name="VerifyIDTextBox" time="0.000" classname="com.uno.test.DSMTest">
    <skipped/>
  </testcase> <!-- VerifyIDTextBox -->
  <testcase name="VerifyIDTextBox" time="0.000" classname="com.uno.test.DSMTest">
    <skipped/>
  </testcase> <!-- VerifyIDTextBox -->
  <testcase name="VerifyIDTextBox" time="0.000" classname="com.uno.test.DSMTest">
    <skipped/>
  </testcase> <!-- VerifyIDTextBox -->
  <testcase name="VerifyIDTextBox" time="0.000" classname="com.uno.test.DSMTest">
    <skipped/>
  </testcase> <!-- VerifyIDTextBox -->
  <testcase name="VerifyIDTextBox" time="0.000" classname="com.uno.test.DSMTest">
    <skipped/>
  </testcase> <!-- VerifyIDTextBox -->
  <testcase name="VerifyIDTextBox" time="0.000" classname="com.uno.test.DSMTest">
    <skipped/>
  </testcase> <!-- VerifyIDTextBox -->
  <testcase name="VerifyIDTextBox" time="0.000" classname="com.uno.test.DSMTest">
    <skipped/>
  </testcase> <!-- VerifyIDTextBox -->
  <testcase name="VerifyIDTextBox" time="0.000" classname="com.uno.test.DSMTest">
    <skipped/>
  </testcase> <!-- VerifyIDTextBox -->
  <testcase name="VerifyIDTextBox" time="0.000" classname="com.uno.test.DSMTest">
    <skipped/>
  </testcase> <!-- VerifyIDTextBox -->
  <testcase name="VerifyIDTextBox" time="0.000" classname="com.uno.test.DSMTest">
    <skipped/>
  </testcase> <!-- VerifyIDTextBox -->
  <testcase name="VerifyIDTextBox" time="0.000" classname="com.uno.test.DSMTest">
    <skipped/>
  </testcase> <!-- VerifyIDTextBox -->
  <testcase name="VerifyIDTextBox" time="0.000" classname="com.uno.test.DSMTest">
    <skipped/>
  </testcase> <!-- VerifyIDTextBox -->
  <testcase name="VerifyIDTextBox" time="0.000" classname="com.uno.test.DSMTest">
    <skipped/>
  </testcase> <!-- VerifyIDTextBox -->
  <testcase name="VerifyIDTextBox" time="0.000" classname="com.uno.test.DSMTest">
    <skipped/>
  </testcase> <!-- VerifyIDTextBox -->
  <testcase name="VerifyIDTextBox" time="0.000" classname="com.uno.test.DSMTest">
    <skipped/>
  </testcase> <!-- VerifyIDTextBox -->
  <testcase name="VerifyIDTextBox" time="0.000" classname="com.uno.test.DSMTest">
    <skipped/>
  </testcase> <!-- VerifyIDTextBox -->
  <testcase name="VerifyIDTextBox" time="0.000" classname="com.uno.test.DSMTest">
    <skipped/>
  </testcase> <!-- VerifyIDTextBox -->
  <testcase name="VerifyIDTextBox" time="0.000" classname="com.uno.test.DSMTest">
    <skipped/>
  </testcase> <!-- VerifyIDTextBox -->
  <testcase name="VerifyIDTextBox" time="0.000" classname="com.uno.test.DSMTest">
    <skipped/>
  </testcase> <!-- VerifyIDTextBox -->
  <testcase name="VerifyIDTextBox" time="0.000" classname="com.uno.test.DSMTest">
    <skipped/>
  </testcase> <!-- VerifyIDTextBox -->
  <testcase name="VerifyIDTextBox" time="0.000" classname="com.uno.test.DSMTest">
    <skipped/>
  </testcase> <!-- VerifyIDTextBox -->
  <testcase name="VerifyIDTextBox" time="0.000" classname="com.uno.test.DSMTest">
    <skipped/>
  </testcase> <!-- VerifyIDTextBox -->
  <testcase name="VerifyIDTextBox" time="0.000" classname="com.uno.test.DSMTest">
    <skipped/>
  </testcase> <!-- VerifyIDTextBox -->
  <testcase name="VerifyIDTextBox" time="0.000" classname="com.uno.test.DSMTest">
    <skipped/>
  </testcase> <!-- VerifyIDTextBox -->
  <testcase name="VerifyIDTextBox" time="0.000" classname="com.uno.test.DSMTest">
    <skipped/>
  </testcase> <!-- VerifyIDTextBox -->
  <testcase name="VerifyIDTextBox" time="0.000" classname="com.uno.test.DSMTest">
    <skipped/>
  </testcase> <!-- VerifyIDTextBox -->
  <testcase name="VerifyIDTextBox" time="0.000" classname="com.uno.test.DSMTest">
    <skipped/>
  </testcase> <!-- VerifyIDTextBox -->
  <testcase name="VerifyIDTextBox" time="0.000" classname="com.uno.test.DSMTest">
    <skipped/>
  </testcase> <!-- VerifyIDTextBox -->
  <testcase name="VerifyIDTextBox" time="0.000" classname="com.uno.test.DSMTest">
    <skipped/>
  </testcase> <!-- VerifyIDTextBox -->
  <testcase name="VerifyIDTextBox" time="0.000" classname="com.uno.test.DSMTest">
    <skipped/>
  </testcase> <!-- VerifyIDTextBox -->
  <testcase name="VerifyIDTextBox" time="0.000" classname="com.uno.test.DSMTest">
    <skipped/>
  </testcase> <!-- VerifyIDTextBox -->
  <testcase name="VerifyIDTextBox" time="0.000" classname="com.uno.test.DSMTest">
    <skipped/>
  </testcase> <!-- VerifyIDTextBox -->
  <testcase name="VerifyIDTextBox" time="0.000" classname="com.uno.test.DSMTest">
    <skipped/>
  </testcase> <!-- VerifyIDTextBox -->
  <testcase name="VerifyIDTextBox" time="0.000" classname="com.uno.test.DSMTest">
    <skipped/>
  </testcase> <!-- VerifyIDTextBox -->
  <testcase name="VerifyIDTextBox" time="0.000" classname="com.uno.test.DSMTest">
    <skipped/>
  </testcase> <!-- VerifyIDTextBox -->
  <testcase name="VerifyIDTextBox" time="0.000" classname="com.uno.test.DSMTest">
    <skipped/>
  </testcase> <!-- VerifyIDTextBox -->
  <testcase name="VerifyIDTextBox" time="0.000" classname="com.uno.test.DSMTest">
    <skipped/>
  </testcase> <!-- VerifyIDTextBox -->
  <testcase name="VerifyIDTextBox" time="0.000" classname="com.uno.test.DSMTest">
    <skipped/>
  </testcase> <!-- VerifyIDTextBox -->
  <testcase name="VerifyIDTextBox" time="0.000" classname="com.uno.test.DSMTest">
    <skipped/>
  </testcase> <!-- VerifyIDTextBox -->
  <testcase name="VerifyIDTextBox" time="0.000" classname="com.uno.test.DSMTest">
    <skipped/>
  </testcase> <!-- VerifyIDTextBox -->
  <testcase name="VerifyIDTextBox" time="0.000" classname="com.uno.test.DSMTest">
    <skipped/>
  </testcase> <!-- VerifyIDTextBox -->
  <testcase name="VerifyIDTextBox" time="0.000" classname="com.uno.test.DSMTest">
    <skipped/>
  </testcase> <!-- VerifyIDTextBox -->
  <testcase name="VerifyIDTextBox" time="0.000" classname="com.uno.test.DSMTest">
    <skipped/>
  </testcase> <!-- VerifyIDTextBox -->
  <testcase name="VerifyIDTextBox" time="0.000" classname="com.uno.test.DSMTest">
    <skipped/>
  </testcase> <!-- VerifyIDTextBox -->
  <testcase name="VerifyIDTextBox" time="0.000" classname="com.uno.test.DSMTest">
    <skipped/>
  </testcase> <!-- VerifyIDTextBox -->
  <testcase name="VerifyIDTextBox" time="0.000" classname="com.uno.test.DSMTest">
    <skipped/>
  </testcase> <!-- VerifyIDTextBox -->
  <testcase name="VerifyIDTextBox" time="0.000" classname="com.uno.test.DSMTest">
    <skipped/>
  </testcase> <!-- VerifyIDTextBox -->
  <testcase name="VerifyIDTextBox" time="0.000" classname="com.uno.test.DSMTest">
    <skipped/>
  </testcase> <!-- VerifyIDTextBox -->
  <testcase name="VerifyIDTextBox" time="0.000" classname="com.uno.test.DSMTest">
    <skipped/>
  </testcase> <!-- VerifyIDTextBox -->
  <testcase name="VerifyIDTextBox" time="0.000" classname="com.uno.test.DSMTest">
    <skipped/>
  </testcase> <!-- VerifyIDTextBox -->
  <testcase name="VerifyIDTextBox" time="0.000" classname="com.uno.test.DSMTest">
    <skipped/>
  </testcase> <!-- VerifyIDTextBox -->
  <testcase name="VerifyIDTextBox" time="0.000" classname="com.uno.test.DSMTest">
    <skipped/>
  </testcase> <!-- VerifyIDTextBox -->
  <testcase name="VerifyIDTextBox" time="0.000" classname="com.uno.test.DSMTest">
    <skipped/>
  </testcase> <!-- VerifyIDTextBox -->
  <testcase name="VerifyIDTextBox" time="0.000" classname="com.uno.test.DSMTest">
    <skipped/>
  </testcase> <!-- VerifyIDTextBox -->
  <testcase name="VerifyIDTextBox" time="0.000" classname="com.uno.test.DSMTest">
    <skipped/>
  </testcase> <!-- VerifyIDTextBox -->
  <testcase name="VerifyIDTextBox" time="0.000" classname="com.uno.test.DSMTest">
    <skipped/>
  </testcase> <!-- VerifyIDTextBox -->
  <testcase name="VerifyIDTextBox" time="0.000" classname="com.uno.test.DSMTest">
    <skipped/>
  </testcase> <!-- VerifyIDTextBox -->
  <testcase name="VerifyIDTextBox" time="0.000" classname="com.uno.test.DSMTest">
    <skipped/>
  </testcase> <!-- VerifyIDTextBox -->
  <testcase name="VerifyIDTextBox" time="0.000" classname="com.uno.test.DSMTest">
    <skipped/>
  </testcase> <!-- VerifyIDTextBox -->
  <testcase name="VerifyIDTextBox" time="0.000" classname="com.uno.test.DSMTest">
    <skipped/>
  </testcase> <!-- VerifyIDTextBox -->
  <testcase name="VerifyIDTextBox" time="0.000" classname="com.uno.test.DSMTest">
    <skipped/>
  </testcase> <!-- VerifyIDTextBox -->
  <testcase name="VerifyIDTextBox" time="0.000" classname="com.uno.test.DSMTest">
    <skipped/>
  </testcase> <!-- VerifyIDTextBox -->
  <testcase name="VerifyIDTextBox" time="0.000" classname="com.uno.test.DSMTest">
    <skipped/>
  </testcase> <!-- VerifyIDTextBox -->
  <testcase name="VerifyIDTextBox" time="0.000" classname="com.uno.test.DSMTest">
    <skipped/>
  </testcase> <!-- VerifyIDTextBox -->
  <testcase name="VerifyIDTextBox" time="0.000" classname="com.uno.test.DSMTest">
    <skipped/>
  </testcase> <!-- VerifyIDTextBox -->
  <testcase name="VerifyIDTextBox" time="0.000" classname="com.uno.test.DSMTest">
    <skipped/>
  </testcase> <!-- VerifyIDTextBox -->
  <testcase name="VerifyIDTextBox" time="0.000" classname="com.uno.test.DSMTest">
    <skipped/>
  </testcase> <!-- VerifyIDTextBox -->
  <testcase name="VerifyIDTextBox" time="0.000" classname="com.uno.test.DSMTest">
    <skipped/>
  </testcase> <!-- VerifyIDTextBox -->
  <testcase name="VerifyIDTextBox" time="0.000" classname="com.uno.test.DSMTest">
    <skipped/>
  </testcase> <!-- VerifyIDTextBox -->
  <testcase name="VerifyIDTextBox" time="0.000" classname="com.uno.test.DSMTest">
    <skipped/>
  </testcase> <!-- VerifyIDTextBox -->
  <testcase name="VerifyIDTextBox" time="0.000" classname="com.uno.test.DSMTest">
    <skipped/>
  </testcase> <!-- VerifyIDTextBox -->
  <testcase name="VerifyIDTextBox" time="0.000" classname="com.uno.test.DSMTest">
    <skipped/>
  </testcase> <!-- VerifyIDTextBox -->
  <testcase name="VerifyIDTextBox" time="0.000" classname="com.uno.test.DSMTest">
    <skipped/>
  </testcase> <!-- VerifyIDTextBox -->
  <testcase name="VerifyIDTextBox" time="0.000" classname="com.uno.test.DSMTest">
    <skipped/>
  </testcase> <!-- VerifyIDTextBox -->
  <testcase name="VerifyIDTextBox" time="0.000" classname="com.uno.test.DSMTest">
    <skipped/>
  </testcase> <!-- VerifyIDTextBox -->
  <testcase name="VerifyIDTextBox" time="0.000" classname="com.uno.test.DSMTest">
    <skipped/>
  </testcase> <!-- VerifyIDTextBox -->
  <testcase name="VerifyIDTextBox" time="0.000" classname="com.uno.test.DSMTest">
    <skipped/>
  </testcase> <!-- VerifyIDTextBox -->
  <testcase name="VerifyIDTextBox" time="0.000" classname="com.uno.test.DSMTest">
    <skipped/>
  </testcase> <!-- VerifyIDTextBox -->
  <testcase name="VerifyIDTextBox" time="0.000" classname="com.uno.test.DSMTest">
    <skipped/>
  </testcase> <!-- VerifyIDTextBox -->
  <testcase name="VerifyIDTextBox" time="0.000" classname="com.uno.test.DSMTest">
    <skipped/>
  </testcase> <!-- VerifyIDTextBox -->
  <testcase name="VerifyIDTextBox" time="0.000" classname="com.uno.test.DSMTest">
    <skipped/>
  </testcase> <!-- VerifyIDTextBox -->
  <testcase name="VerifyIDTextBox" time="0.000" classname="com.uno.test.DSMTest">
    <skipped/>
  </testcase> <!-- VerifyIDTextBox -->
  <testcase name="VerifyIDTextBox" time="0.000" classname="com.uno.test.DSMTest">
    <skipped/>
  </testcase> <!-- VerifyIDTextBox -->
  <testcase name="VerifyIDTextBox" time="0.000" classname="com.uno.test.DSMTest">
    <skipped/>
  </testcase> <!-- VerifyIDTextBox -->
  <testcase name="VerifyIDTextBox" time="0.000" classname="com.uno.test.DSMTest">
    <skipped/>
  </testcase> <!-- VerifyIDTextBox -->
  <testcase name="VerifyIDTextBox" time="0.000" classname="com.uno.test.DSMTest">
    <skipped/>
  </testcase> <!-- VerifyIDTextBox -->
  <testcase name="VerifyIDTextBox" time="0.000" classname="com.uno.test.DSMTest">
    <skipped/>
  </testcase> <!-- VerifyIDTextBox -->
  <testcase name="VerifyIDTextBox" time="0.000" classname="com.uno.test.DSMTest">
    <skipped/>
  </testcase> <!-- VerifyIDTextBox -->
  <testcase name="VerifyIDTextBox" time="0.000" classname="com.uno.test.DSMTest">
    <skipped/>
  </testcase> <!-- VerifyIDTextBox -->
  <testcase name="VerifyIDTextBox" time="0.000" classname="com.uno.test.DSMTest">
    <skipped/>
  </testcase> <!-- VerifyIDTextBox -->
  <testcase name="VerifyIDTextBox" time="0.000" classname="com.uno.test.DSMTest">
    <skipped/>
  </testcase> <!-- VerifyIDTextBox -->
  <testcase name="VerifyIDTextBox" time="0.000" classname="com.uno.test.DSMTest">
    <skipped/>
  </testcase> <!-- VerifyIDTextBox -->
  <testcase name="VerifyIDTextBox" time="0.000" classname="com.uno.test.DSMTest">
    <skipped/>
  </testcase> <!-- VerifyIDTextBox -->
  <testcase name="VerifyIDTextBox" time="0.000" classname="com.uno.test.DSMTest">
    <skipped/>
  </testcase> <!-- VerifyIDTextBox -->
  <testcase name="VerifyIDTextBox" time="0.000" classname="com.uno.test.DSMTest">
    <skipped/>
  </testcase> <!-- VerifyIDTextBox -->
  <testcase name="VerifyIDTextBox" time="0.000" classname="com.uno.test.DSMTest">
    <skipped/>
  </testcase> <!-- VerifyIDTextBox -->
  <testcase name="VerifyIDTextBox" time="0.000" classname="com.uno.test.DSMTest">
    <skipped/>
  </testcase> <!-- VerifyIDTextBox -->
  <testcase name="VerifyIDTextBox" time="0.000" classname="com.uno.test.DSMTest">
    <skipped/>
  </testcase> <!-- VerifyIDTextBox -->
  <testcase name="VerifyIDTextBox" time="0.000" classname="com.uno.test.DSMTest">
    <skipped/>
  </testcase> <!-- VerifyIDTextBox -->
  <testcase name="VerifyIDTextBox" time="0.000" classname="com.uno.test.DSMTest">
    <skipped/>
  </testcase> <!-- VerifyIDTextBox -->
  <testcase name="VerifyIDTextBox" time="0.000" classname="com.uno.test.DSMTest">
    <skipped/>
  </testcase> <!-- VerifyIDTextBox -->
  <testcase name="VerifyIDTextBox" time="0.000" classname="com.uno.test.DSMTest">
    <skipped/>
  </testcase> <!-- VerifyIDTextBox -->
  <testcase name="VerifyIDTextBox" time="0.000" classname="com.uno.test.DSMTest">
    <skipped/>
  </testcase> <!-- VerifyIDTextBox -->
  <testcase name="VerifyIDTextBox" time="0.000" classname="com.uno.test.DSMTest">
    <skipped/>
  </testcase> <!-- VerifyIDTextBox -->
  <testcase name="VerifyIDTextBox" time="0.000" classname="com.uno.test.DSMTest">
    <skipped/>
  </testcase> <!-- VerifyIDTextBox -->
  <testcase name="VerifyIDTextBox" time="0.000" classname="com.uno.test.DSMTest">
    <skipped/>
  </testcase> <!-- VerifyIDTextBox -->
  <testcase name="VerifyIDTextBox" time="0.000" classname="com.uno.test.DSMTest">
    <skipped/>
  </testcase> <!-- VerifyIDTextBox -->
  <testcase name="VerifyIDTextBox" time="0.000" classname="com.uno.test.DSMTest">
    <skipped/>
  </testcase> <!-- VerifyIDTextBox -->
  <testcase name="VerifyIDTextBox" time="0.000" classname="com.uno.test.DSMTest">
    <skipped/>
  </testcase> <!-- VerifyIDTextBox -->
  <testcase name="VerifyIDTextBox" time="0.000" classname="com.uno.test.DSMTest">
    <skipped/>
  </testcase> <!-- VerifyIDTextBox -->
  <testcase name="VerifyIDTextBox" time="0.000" classname="com.uno.test.DSMTest">
    <skipped/>
  </testcase> <!-- VerifyIDTextBox -->
  <testcase name="VerifyIDTextBox" time="0.000" classname="com.uno.test.DSMTest">
    <skipped/>
  </testcase> <!-- VerifyIDTextBox -->
  <testcase name="VerifyIDTextBox" time="0.000" classname="com.uno.test.DSMTest">
    <skipped/>
  </testcase> <!-- VerifyIDTextBox -->
  <testcase name="VerifyIDTextBox" time="0.000" classname="com.uno.test.DSMTest">
    <skipped/>
  </testcase> <!-- VerifyIDTextBox -->
  <testcase name="VerifyIDTextBox" time="0.000" classname="com.uno.test.DSMTest">
    <skipped/>
  </testcase> <!-- VerifyIDTextBox -->
  <testcase name="VerifyIDTextBox" time="0.000" classname="com.uno.test.DSMTest">
    <skipped/>
  </testcase> <!-- VerifyIDTextBox -->
  <testcase name="VerifyIDTextBox" time="0.000" classname="com.uno.test.DSMTest">
    <skipped/>
  </testcase> <!-- VerifyIDTextBox -->
  <testcase name="VerifyIDTextBox" time="0.000" classname="com.uno.test.DSMTest">
    <skipped/>
  </testcase> <!-- VerifyIDTextBox -->
  <testcase name="VerifyIDTextBox" time="0.000" classname="com.uno.test.DSMTest">
    <skipped/>
  </testcase> <!-- VerifyIDTextBox -->
  <testcase name="VerifyIDTextBox" time="0.000" classname="com.uno.test.DSMTest">
    <skipped/>
  </testcase> <!-- VerifyIDTextBox -->
  <testcase name="VerifyIDTextBox" time="0.000" classname="com.uno.test.DSMTest">
    <skipped/>
  </testcase> <!-- VerifyIDTextBox -->
  <testcase name="VerifyIDTextBox" time="0.000" classname="com.uno.test.DSMTest">
    <skipped/>
  </testcase> <!-- VerifyIDTextBox -->
  <testcase name="VerifyIDTextBox" time="0.000" classname="com.uno.test.DSMTest">
    <skipped/>
  </testcase> <!-- VerifyIDTextBox -->
  <testcase name="VerifyIDTextBox" time="0.000" classname="com.uno.test.DSMTest">
    <skipped/>
  </testcase> <!-- VerifyIDTextBox -->
  <testcase name="VerifyIDTextBox" time="0.000" classname="com.uno.test.DSMTest">
    <skipped/>
  </testcase> <!-- VerifyIDTextBox -->
  <testcase name="VerifyIDTextBox" time="0.000" classname="com.uno.test.DSMTest">
    <skipped/>
  </testcase> <!-- VerifyIDTextBox -->
  <testcase name="VerifyIDTextBox" time="0.000" classname="com.uno.test.DSMTest">
    <skipped/>
  </testcase> <!-- VerifyIDTextBox -->
  <testcase name="VerifyIDTextBox" time="0.000" classname="com.uno.test.DSMTest">
    <skipped/>
  </testcase> <!-- VerifyIDTextBox -->
  <testcase name="VerifyIDTextBox" time="0.000" classname="com.uno.test.DSMTest">
    <skipped/>
  </testcase> <!-- VerifyIDTextBox -->
  <testcase name="VerifyIDTextBox" time="0.000" classname="com.uno.test.DSMTest">
    <skipped/>
  </testcase> <!-- VerifyIDTextBox -->
  <testcase name="VerifyIDTextBox" time="0.000" classname="com.uno.test.DSMTest">
    <skipped/>
  </testcase> <!-- VerifyIDTextBox -->
  <testcase name="VerifyIDTextBox" time="0.000" classname="com.uno.test.DSMTest">
    <skipped/>
  </testcase> <!-- VerifyIDTextBox -->
  <testcase name="VerifyIDTextBox" time="0.000" classname="com.uno.test.DSMTest">
    <skipped/>
  </testcase> <!-- VerifyIDTextBox -->
  <testcase name="VerifyIDTextBox" time="0.000" classname="com.uno.test.DSMTest">
    <skipped/>
  </testcase> <!-- VerifyIDTextBox -->
  <testcase name="VerifyIDTextBox" time="0.000" classname="com.uno.test.DSMTest">
    <skipped/>
  </testcase> <!-- VerifyIDTextBox -->
  <testcase name="VerifyIDTextBox" time="0.000" classname="com.uno.test.DSMTest">
    <skipped/>
  </testcase> <!-- VerifyIDTextBox -->
  <testcase name="VerifyIDTextBox" time="0.000" classname="com.uno.test.DSMTest">
    <skipped/>
  </testcase> <!-- VerifyIDTextBox -->
  <testcase name="VerifyIDTextBox" time="0.000" classname="com.uno.test.DSMTest">
    <skipped/>
  </testcase> <!-- VerifyIDTextBox -->
  <testcase name="VerifyIDTextBox" time="0.000" classname="com.uno.test.DSMTest">
    <skipped/>
  </testcase> <!-- VerifyIDTextBox -->
  <testcase name="VerifyIDTextBox" time="0.000" classname="com.uno.test.DSMTest">
    <skipped/>
  </testcase> <!-- VerifyIDTextBox -->
  <testcase name="VerifyIDTextBox" time="0.000" classname="com.uno.test.DSMTest">
    <skipped/>
  </testcase> <!-- VerifyIDTextBox -->
  <testcase name="VerifyIDTextBox" time="0.000" classname="com.uno.test.DSMTest">
    <skipped/>
  </testcase> <!-- VerifyIDTextBox -->
  <testcase name="VerifyIDTextBox" time="0.000" classname="com.uno.test.DSMTest">
    <skipped/>
  </testcase> <!-- VerifyIDTextBox -->
  <testcase name="VerifyIDTextBox" time="0.000" classname="com.uno.test.DSMTest">
    <skipped/>
  </testcase> <!-- VerifyIDTextBox -->
  <testcase name="VerifyIDTextBox" time="0.000" classname="com.uno.test.DSMTest">
    <skipped/>
  </testcase> <!-- VerifyIDTextBox -->
  <testcase name="VerifyIDTextBox" time="0.000" classname="com.uno.test.DSMTest">
    <skipped/>
  </testcase> <!-- VerifyIDTextBox -->
  <testcase name="VerifyIDTextBox" time="0.000" classname="com.uno.test.DSMTest">
    <skipped/>
  </testcase> <!-- VerifyIDTextBox -->
  <testcase name="VerifyIDTextBox" time="0.000" classname="com.uno.test.DSMTest">
    <skipped/>
  </testcase> <!-- VerifyIDTextBox -->
  <testcase name="VerifyIDTextBox" time="0.000" classname="com.uno.test.DSMTest">
    <skipped/>
  </testcase> <!-- VerifyIDTextBox -->
  <testcase name="VerifyIDTextBox" time="0.000" classname="com.uno.test.DSMTest">
    <skipped/>
  </testcase> <!-- VerifyIDTextBox -->
  <testcase name="VerifyIDTextBox" time="0.000" classname="com.uno.test.DSMTest">
    <skipped/>
  </testcase> <!-- VerifyIDTextBox -->
  <testcase name="VerifyIDTextBox" time="0.000" classname="com.uno.test.DSMTest">
    <skipped/>
  </testcase> <!-- VerifyIDTextBox -->
  <testcase name="VerifyIDTextBox" time="0.000" classname="com.uno.test.DSMTest">
    <skipped/>
  </testcase> <!-- VerifyIDTextBox -->
  <testcase name="VerifyIDTextBox" time="0.000" classname="com.uno.test.DSMTest">
    <skipped/>
  </testcase> <!-- VerifyIDTextBox -->
  <testcase name="VerifyIDTextBox" time="0.000" classname="com.uno.test.DSMTest">
    <skipped/>
  </testcase> <!-- VerifyIDTextBox -->
  <testcase name="VerifyIDTextBox" time="0.000" classname="com.uno.test.DSMTest">
    <skipped/>
  </testcase> <!-- VerifyIDTextBox -->
  <testcase name="VerifyIDTextBox" time="0.000" classname="com.uno.test.DSMTest">
    <skipped/>
  </testcase> <!-- VerifyIDTextBox -->
  <testcase name="VerifyIDTextBox" time="0.000" classname="com.uno.test.DSMTest">
    <skipped/>
  </testcase> <!-- VerifyIDTextBox -->
  <testcase name="VerifyIDTextBox" time="0.000" classname="com.uno.test.DSMTest">
    <skipped/>
  </testcase> <!-- VerifyIDTextBox -->
  <testcase name="VerifyIDTextBox" time="0.000" classname="com.uno.test.DSMTest">
    <skipped/>
  </testcase> <!-- VerifyIDTextBox -->
  <testcase name="VerifyIDTextBox" time="0.000" classname="com.uno.test.DSMTest">
    <skipped/>
  </testcase> <!-- VerifyIDTextBox -->
  <testcase name="VerifyIDTextBox" time="0.000" classname="com.uno.test.DSMTest">
    <skipped/>
  </testcase> <!-- VerifyIDTextBox -->
  <testcase name="VerifyIDTextBox" time="0.000" classname="com.uno.test.DSMTest">
    <skipped/>
  </testcase> <!-- VerifyIDTextBox -->
  <testcase name="VerifyIDTextBox" time="0.000" classname="com.uno.test.DSMTest">
    <skipped/>
  </testcase> <!-- VerifyIDTextBox -->
  <testcase name="VerifyIDTextBox" time="0.000" classname="com.uno.test.DSMTest">
    <skipped/>
  </testcase> <!-- VerifyIDTextBox -->
  <testcase name="VerifyIDTextBox" time="0.000" classname="com.uno.test.DSMTest">
    <skipped/>
  </testcase> <!-- VerifyIDTextBox -->
  <testcase name="VerifyIDTextBox" time="0.000" classname="com.uno.test.DSMTest">
    <skipped/>
  </testcase> <!-- VerifyIDTextBox -->
  <testcase name="VerifyIDTextBox" time="0.000" classname="com.uno.test.DSMTest">
    <skipped/>
  </testcase> <!-- VerifyIDTextBox -->
  <testcase name="VerifyIDTextBox" time="0.000" classname="com.uno.test.DSMTest">
    <skipped/>
  </testcase> <!-- VerifyIDTextBox -->
  <testcase name="VerifyIDTextBox" time="0.000" classname="com.uno.test.DSMTest">
    <skipped/>
  </testcase> <!-- VerifyIDTextBox -->
  <testcase name="VerifyIDTextBox" time="0.000" classname="com.uno.test.DSMTest">
    <skipped/>
  </testcase> <!-- VerifyIDTextBox -->
  <testcase name="VerifyIDTextBox" time="0.000" classname="com.uno.test.DSMTest">
    <skipped/>
  </testcase> <!-- VerifyIDTextBox -->
  <testcase name="VerifyIDTextBox" time="0.000" classname="com.uno.test.DSMTest">
    <skipped/>
  </testcase> <!-- VerifyIDTextBox -->
  <testcase name="VerifyIDTextBox" time="0.000" classname="com.uno.test.DSMTest">
    <skipped/>
  </testcase> <!-- VerifyIDTextBox -->
  <testcase name="VerifyIDTextBox" time="0.000" classname="com.uno.test.DSMTest">
    <skipped/>
  </testcase> <!-- VerifyIDTextBox -->
  <testcase name="VerifyIDTextBox" time="0.000" classname="com.uno.test.DSMTest">
    <skipped/>
  </testcase> <!-- VerifyIDTextBox -->
  <testcase name="VerifyIDTextBox" time="0.000" classname="com.uno.test.DSMTest">
    <skipped/>
  </testcase> <!-- VerifyIDTextBox -->
  <testcase name="VerifyIDTextBox" time="0.000" classname="com.uno.test.DSMTest">
    <skipped/>
  </testcase> <!-- VerifyIDTextBox -->
  <testcase name="VerifyIDTextBox" time="0.000" classname="com.uno.test.DSMTest">
    <skipped/>
  </testcase> <!-- VerifyIDTextBox -->
  <testcase name="VerifyIDTextBox" time="0.000" classname="com.uno.test.DSMTest">
    <skipped/>
  </testcase> <!-- VerifyIDTextBox -->
  <testcase name="VerifyIDTextBox" time="0.000" classname="com.uno.test.DSMTest">
    <skipped/>
  </testcase> <!-- VerifyIDTextBox -->
  <testcase name="VerifyIDTextBox" time="0.000" classname="com.uno.test.DSMTest">
    <skipped/>
  </testcase> <!-- VerifyIDTextBox -->
  <testcase name="VerifyIDTextBox" time="0.000" classname="com.uno.test.DSMTest">
    <skipped/>
  </testcase> <!-- VerifyIDTextBox -->
  <testcase name="VerifyIDTextBox" time="0.000" classname="com.uno.test.DSMTest">
    <skipped/>
  </testcase> <!-- VerifyIDTextBox -->
  <testcase name="VerifyIDTextBox" time="0.000" classname="com.uno.test.DSMTest">
    <skipped/>
  </testcase> <!-- VerifyIDTextBox -->
  <testcase name="VerifyIDTextBox" time="0.000" classname="com.uno.test.DSMTest">
    <skipped/>
  </testcase> <!-- VerifyIDTextBox -->
  <testcase name="VerifyIDTextBox" time="0.000" classname="com.uno.test.DSMTest">
    <skipped/>
  </testcase> <!-- VerifyIDTextBox -->
  <testcase name="VerifyIDTextBox" time="0.000" classname="com.uno.test.DSMTest">
    <skipped/>
  </testcase> <!-- VerifyIDTextBox -->
  <testcase name="VerifyIDTextBox" time="0.000" classname="com.uno.test.DSMTest">
    <skipped/>
  </testcase> <!-- VerifyIDTextBox -->
  <testcase name="VerifyIDTextBox" time="0.000" classname="com.uno.test.DSMTest">
    <skipped/>
  </testcase> <!-- VerifyIDTextBox -->
  <testcase name="VerifyIDTextBox" time="0.000" classname="com.uno.test.DSMTest">
    <skipped/>
  </testcase> <!-- VerifyIDTextBox -->
  <testcase name="VerifyIDTextBox" time="0.000" classname="com.uno.test.DSMTest">
    <skipped/>
  </testcase> <!-- VerifyIDTextBox -->
  <testcase name="VerifyIDTextBox" time="0.000" classname="com.uno.test.DSMTest">
    <skipped/>
  </testcase> <!-- VerifyIDTextBox -->
  <testcase name="VerifyIDTextBox" time="0.000" classname="com.uno.test.DSMTest">
    <skipped/>
  </testcase> <!-- VerifyIDTextBox -->
  <testcase name="VerifyIDTextBox" time="0.000" classname="com.uno.test.DSMTest">
    <skipped/>
  </testcase> <!-- VerifyIDTextBox -->
  <testcase name="VerifyIDTextBox" time="0.000" classname="com.uno.test.DSMTest">
    <skipped/>
  </testcase> <!-- VerifyIDTextBox -->
  <testcase name="VerifyIDTextBox" time="0.000" classname="com.uno.test.DSMTest">
    <skipped/>
  </testcase> <!-- VerifyIDTextBox -->
  <testcase name="VerifyIDTextBox" time="0.000" classname="com.uno.test.DSMTest">
    <skipped/>
  </testcase> <!-- VerifyIDTextBox -->
  <testcase name="VerifyIDTextBox" time="0.000" classname="com.uno.test.DSMTest">
    <skipped/>
  </testcase> <!-- VerifyIDTextBox -->
  <testcase name="VerifyIDTextBox" time="0.000" classname="com.uno.test.DSMTest">
    <skipped/>
  </testcase> <!-- VerifyIDTextBox -->
  <testcase name="VerifyIDTextBox" time="0.000" classname="com.uno.test.DSMTest">
    <skipped/>
  </testcase> <!-- VerifyIDTextBox -->
  <testcase name="VerifyIDTextBox" time="0.000" classname="com.uno.test.DSMTest">
    <skipped/>
  </testcase> <!-- VerifyIDTextBox -->
  <testcase name="VerifyIDTextBox" time="0.000" classname="com.uno.test.DSMTest">
    <skipped/>
  </testcase> <!-- VerifyIDTextBox -->
  <testcase name="VerifyIDTextBox" time="0.000" classname="com.uno.test.DSMTest">
    <skipped/>
  </testcase> <!-- VerifyIDTextBox -->
  <testcase name="VerifyIDTextBox" time="0.000" classname="com.uno.test.DSMTest">
    <skipped/>
  </testcase> <!-- VerifyIDTextBox -->
  <testcase name="VerifyIDTextBox" time="0.000" classname="com.uno.test.DSMTest">
    <skipped/>
  </testcase> <!-- VerifyIDTextBox -->
  <testcase name="VerifyIDTextBox" time="0.000" classname="com.uno.test.DSMTest">
    <skipped/>
  </testcase> <!-- VerifyIDTextBox -->
  <testcase name="VerifyIDTextBox" time="0.000" classname="com.uno.test.DSMTest">
    <skipped/>
  </testcase> <!-- VerifyIDTextBox -->
  <testcase name="VerifyIDTextBox" time="0.000" classname="com.uno.test.DSMTest">
    <skipped/>
  </testcase> <!-- VerifyIDTextBox -->
  <testcase name="VerifyIDTextBox" time="0.000" classname="com.uno.test.DSMTest">
    <skipped/>
  </testcase> <!-- VerifyIDTextBox -->
  <testcase name="VerifyIDTextBox" time="0.000" classname="com.uno.test.DSMTest">
    <skipped/>
  </testcase> <!-- VerifyIDTextBox -->
  <testcase name="VerifyIDTextBox" time="0.000" classname="com.uno.test.DSMTest">
    <skipped/>
  </testcase> <!-- VerifyIDTextBox -->
  <testcase name="VerifyIDTextBox" time="0.000" classname="com.uno.test.DSMTest">
    <skipped/>
  </testcase> <!-- VerifyIDTextBox -->
  <testcase name="VerifyIDTextBox" time="0.000" classname="com.uno.test.DSMTest">
    <skipped/>
  </testcase> <!-- VerifyIDTextBox -->
  <testcase name="VerifyIDTextBox" time="0.000" classname="com.uno.test.DSMTest">
    <skipped/>
  </testcase> <!-- VerifyIDTextBox -->
  <testcase name="VerifyIDTextBox" time="0.000" classname="com.uno.test.DSMTest">
    <skipped/>
  </testcase> <!-- VerifyIDTextBox -->
  <testcase name="VerifyIDTextBox" time="0.000" classname="com.uno.test.DSMTest">
    <skipped/>
  </testcase> <!-- VerifyIDTextBox -->
  <testcase name="VerifyIDTextBox" time="0.000" classname="com.uno.test.DSMTest">
    <skipped/>
  </testcase> <!-- VerifyIDTextBox -->
  <testcase name="VerifyIDTextBox" time="0.000" classname="com.uno.test.DSMTest">
    <skipped/>
  </testcase> <!-- VerifyIDTextBox -->
  <testcase name="VerifyIDTextBox" time="0.000" classname="com.uno.test.DSMTest">
    <skipped/>
  </testcase> <!-- VerifyIDTextBox -->
  <testcase name="VerifyIDTextBox" time="0.000" classname="com.uno.test.DSMTest">
    <skipped/>
  </testcase> <!-- VerifyIDTextBox -->
  <testcase name="VerifyIDTextBox" time="0.000" classname="com.uno.test.DSMTest">
    <skipped/>
  </testcase> <!-- VerifyIDTextBox -->
  <testcase name="VerifyIDTextBox" time="0.000" classname="com.uno.test.DSMTest">
    <skipped/>
  </testcase> <!-- VerifyIDTextBox -->
  <testcase name="VerifyIDTextBox" time="0.000" classname="com.uno.test.DSMTest">
    <skipped/>
  </testcase> <!-- VerifyIDTextBox -->
  <testcase name="VerifyIDTextBox" time="0.000" classname="com.uno.test.DSMTest">
    <skipped/>
  </testcase> <!-- VerifyIDTextBox -->
  <testcase name="VerifyIDTextBox" time="0.000" classname="com.uno.test.DSMTest">
    <skipped/>
  </testcase> <!-- VerifyIDTextBox -->
  <testcase name="VerifyIDTextBox" time="0.000" classname="com.uno.test.DSMTest">
    <skipped/>
  </testcase> <!-- VerifyIDTextBox -->
  <testcase name="VerifyIDTextBox" time="0.000" classname="com.uno.test.DSMTest">
    <skipped/>
  </testcase> <!-- VerifyIDTextBox -->
  <testcase name="VerifyIDTextBox" time="0.000" classname="com.uno.test.DSMTest">
    <skipped/>
  </testcase> <!-- VerifyIDTextBox -->
  <testcase name="VerifyIDTextBox" time="0.000" classname="com.uno.test.DSMTest">
    <skipped/>
  </testcase> <!-- VerifyIDTextBox -->
  <testcase name="VerifyIDTextBox" time="0.000" classname="com.uno.test.DSMTest">
    <skipped/>
  </testcase> <!-- VerifyIDTextBox -->
  <testcase name="VerifyIDTextBox" time="0.000" classname="com.uno.test.DSMTest">
    <skipped/>
  </testcase> <!-- VerifyIDTextBox -->
  <testcase name="VerifyIDTextBox" time="0.000" classname="com.uno.test.DSMTest">
    <skipped/>
  </testcase> <!-- VerifyIDTextBox -->
  <testcase name="VerifyIDTextBox" time="0.000" classname="com.uno.test.DSMTest">
    <skipped/>
  </testcase> <!-- VerifyIDTextBox -->
  <testcase name="VerifyIDTextBox" time="0.000" classname="com.uno.test.DSMTest">
    <skipped/>
  </testcase> <!-- VerifyIDTextBox -->
  <testcase name="VerifyIDTextBox" time="0.000" classname="com.uno.test.DSMTest">
    <skipped/>
  </testcase> <!-- VerifyIDTextBox -->
  <testcase name="VerifyIDTextBox" time="0.000" classname="com.uno.test.DSMTest">
    <skipped/>
  </testcase> <!-- VerifyIDTextBox -->
  <testcase name="VerifyIDTextBox" time="0.000" classname="com.uno.test.DSMTest">
    <skipped/>
  </testcase> <!-- VerifyIDTextBox -->
  <testcase name="VerifyIDTextBox" time="0.000" classname="com.uno.test.DSMTest">
    <skipped/>
  </testcase> <!-- VerifyIDTextBox -->
  <testcase name="VerifyIDTextBox" time="0.000" classname="com.uno.test.DSMTest">
    <skipped/>
  </testcase> <!-- VerifyIDTextBox -->
  <testcase name="VerifyIDTextBox" time="0.000" classname="com.uno.test.DSMTest">
    <skipped/>
  </testcase> <!-- VerifyIDTextBox -->
  <testcase name="VerifyIDTextBox" time="0.000" classname="com.uno.test.DSMTest">
    <skipped/>
  </testcase> <!-- VerifyIDTextBox -->
  <testcase name="VerifyIDTextBox" time="0.000" classname="com.uno.test.DSMTest">
    <skipped/>
  </testcase> <!-- VerifyIDTextBox -->
  <testcase name="VerifyIDTextBox" time="0.000" classname="com.uno.test.DSMTest">
    <skipped/>
  </testcase> <!-- VerifyIDTextBox -->
  <testcase name="VerifyIDTextBox" time="0.000" classname="com.uno.test.DSMTest">
    <skipped/>
  </testcase> <!-- VerifyIDTextBox -->
  <testcase name="VerifyIDTextBox" time="0.000" classname="com.uno.test.DSMTest">
    <skipped/>
  </testcase> <!-- VerifyIDTextBox -->
  <testcase name="VerifyIDTextBox" time="0.000" classname="com.uno.test.DSMTest">
    <skipped/>
  </testcase> <!-- VerifyIDTextBox -->
  <testcase name="VerifyIDTextBox" time="0.000" classname="com.uno.test.DSMTest">
    <skipped/>
  </testcase> <!-- VerifyIDTextBox -->
  <testcase name="VerifyIDTextBox" time="0.000" classname="com.uno.test.DSMTest">
    <skipped/>
  </testcase> <!-- VerifyIDTextBox -->
  <testcase name="VerifyIDTextBox" time="0.000" classname="com.uno.test.DSMTest">
    <skipped/>
  </testcase> <!-- VerifyIDTextBox -->
  <testcase name="VerifyIDTextBox" time="0.000" classname="com.uno.test.DSMTest">
    <skipped/>
  </testcase> <!-- VerifyIDTextBox -->
  <testcase name="VerifyIDTextBox" time="0.000" classname="com.uno.test.DSMTest">
    <skipped/>
  </testcase> <!-- VerifyIDTextBox -->
  <testcase name="VerifyIDTextBox" time="0.000" classname="com.uno.test.DSMTest">
    <skipped/>
  </testcase> <!-- VerifyIDTextBox -->
  <testcase name="VerifyIDTextBox" time="0.000" classname="com.uno.test.DSMTest">
    <skipped/>
  </testcase> <!-- VerifyIDTextBox -->
  <testcase name="VerifyIDTextBox" time="0.000" classname="com.uno.test.DSMTest">
    <skipped/>
  </testcase> <!-- VerifyIDTextBox -->
  <testcase name="VerifyIDTextBox" time="0.000" classname="com.uno.test.DSMTest">
    <skipped/>
  </testcase> <!-- VerifyIDTextBox -->
  <testcase name="VerifyIDTextBox" time="0.000" classname="com.uno.test.DSMTest">
    <skipped/>
  </testcase> <!-- VerifyIDTextBox -->
  <testcase name="VerifyIDTextBox" time="0.000" classname="com.uno.test.DSMTest">
    <skipped/>
  </testcase> <!-- VerifyIDTextBox -->
  <testcase name="VerifyIDTextBox" time="0.000" classname="com.uno.test.DSMTest">
    <skipped/>
  </testcase> <!-- VerifyIDTextBox -->
  <testcase name="VerifyIDTextBox" time="0.000" classname="com.uno.test.DSMTest">
    <skipped/>
  </testcase> <!-- VerifyIDTextBox -->
  <testcase name="VerifyIDTextBox" time="0.000" classname="com.uno.test.DSMTest">
    <skipped/>
  </testcase> <!-- VerifyIDTextBox -->
  <testcase name="VerifyIDTextBox" time="0.000" classname="com.uno.test.DSMTest">
    <skipped/>
  </testcase> <!-- VerifyIDTextBox -->
  <testcase name="VerifyIDTextBox" time="0.000" classname="com.uno.test.DSMTest">
    <skipped/>
  </testcase> <!-- VerifyIDTextBox -->
  <testcase name="VerifyIDTextBox" time="0.000" classname="com.uno.test.DSMTest">
    <skipped/>
  </testcase> <!-- VerifyIDTextBox -->
  <testcase name="VerifyIDTextBox" time="0.000" classname="com.uno.test.DSMTest">
    <skipped/>
  </testcase> <!-- VerifyIDTextBox -->
  <testcase name="VerifyIDTextBox" time="0.000" classname="com.uno.test.DSMTest">
    <skipped/>
  </testcase> <!-- VerifyIDTextBox -->
  <testcase name="VerifyIDTextBox" time="0.000" classname="com.uno.test.DSMTest">
    <skipped/>
  </testcase> <!-- VerifyIDTextBox -->
  <testcase name="VerifyIDTextBox" time="0.000" classname="com.uno.test.DSMTest">
    <skipped/>
  </testcase> <!-- VerifyIDTextBox -->
  <testcase name="VerifyIDTextBox" time="0.000" classname="com.uno.test.DSMTest">
    <skipped/>
  </testcase> <!-- VerifyIDTextBox -->
  <testcase name="VerifyIDTextBox" time="0.000" classname="com.uno.test.DSMTest">
    <skipped/>
  </testcase> <!-- VerifyIDTextBox -->
  <testcase name="VerifyIDTextBox" time="0.000" classname="com.uno.test.DSMTest">
    <skipped/>
  </testcase> <!-- VerifyIDTextBox -->
  <testcase name="VerifyIDTextBox" time="0.000" classname="com.uno.test.DSMTest">
    <skipped/>
  </testcase> <!-- VerifyIDTextBox -->
  <testcase name="VerifyIDTextBox" time="0.000" classname="com.uno.test.DSMTest">
    <skipped/>
  </testcase> <!-- VerifyIDTextBox -->
  <testcase name="VerifyIDTextBox" time="0.000" classname="com.uno.test.DSMTest">
    <skipped/>
  </testcase> <!-- VerifyIDTextBox -->
  <testcase name="VerifyIDTextBox" time="0.000" classname="com.uno.test.DSMTest">
    <skipped/>
  </testcase> <!-- VerifyIDTextBox -->
  <testcase name="VerifyIDTextBox" time="0.000" classname="com.uno.test.DSMTest">
    <skipped/>
  </testcase> <!-- VerifyIDTextBox -->
  <testcase name="VerifyIDTextBox" time="0.000" classname="com.uno.test.DSMTest">
    <skipped/>
  </testcase> <!-- VerifyIDTextBox -->
  <testcase name="VerifyIDTextBox" time="0.000" classname="com.uno.test.DSMTest">
    <skipped/>
  </testcase> <!-- VerifyIDTextBox -->
  <testcase name="VerifyIDTextBox" time="0.000" classname="com.uno.test.DSMTest">
    <skipped/>
  </testcase> <!-- VerifyIDTextBox -->
  <testcase name="VerifyIDTextBox" time="0.000" classname="com.uno.test.DSMTest">
    <skipped/>
  </testcase> <!-- VerifyIDTextBox -->
  <testcase name="VerifyIDTextBox" time="0.000" classname="com.uno.test.DSMTest">
    <skipped/>
  </testcase> <!-- VerifyIDTextBox -->
  <testcase name="VerifyIDTextBox" time="0.000" classname="com.uno.test.DSMTest">
    <skipped/>
  </testcase> <!-- VerifyIDTextBox -->
  <testcase name="VerifyIDTextBox" time="0.000" classname="com.uno.test.DSMTest">
    <skipped/>
  </testcase> <!-- VerifyIDTextBox -->
  <testcase name="VerifyIDTextBox" time="0.000" classname="com.uno.test.DSMTest">
    <skipped/>
  </testcase> <!-- VerifyIDTextBox -->
  <testcase name="VerifyIDTextBox" time="0.000" classname="com.uno.test.DSMTest">
    <skipped/>
  </testcase> <!-- VerifyIDTextBox -->
</testsuite> <!-- com.uno.test.DSMTest -->
