<?xml version="1.0" encoding="UTF-8"?>
<!-- Generated by org.testng.reporters.JUnitReportReporter -->
<testsuite skipped="0" hostname="Admin-PC" name="com.uno.test.rm.RM_ReimbursementAgainstAdvanceTest" tests="4" failures="0" timestamp="01 Dec 2018 10:10:00 GMT" time="138.763" errors="0">
  <testcase name="varifyExpenseTypeWithSuperRole" time="31.168" classname="com.uno.test.rm.RM_ReimbursementAgainstAdvanceTest"/>
  <testcase name="varifyColumnBySelectingPeriodicWiseClaim" time="49.099" classname="com.uno.test.rm.RM_ReimbursementAgainstAdvanceTest"/>
  <testcase name="CheckRowSizeByApplyingPlusMinusSymbol" time="7.453" classname="com.uno.test.rm.RM_ReimbursementAgainstAdvanceTest"/>
  <testcase name="CheckSubmitButtonWithoutSelection" time="51.043" classname="com.uno.test.rm.RM_ReimbursementAgainstAdvanceTest"/>
</testsuite> <!-- com.uno.test.rm.RM_ReimbursementAgainstAdvanceTest -->
