<?xml version="1.0" encoding="UTF-8"?>
<!-- Generated by org.testng.reporters.JUnitReportReporter -->
<testsuite skipped="1" hostname="Admin-PC" name="com.uno.testCases.sd.SD_ViewTicketTest" tests="3" failures="0" timestamp="02 Nov 2018 04:20:38 GMT" time="42.677" errors="0">
  <testcase name="SelectStateFilter" time="16.809" classname="com.uno.testCases.sd.SD_ViewTicketTest"/>
  <testcase name="CompareStateFilter" time="25.868" classname="com.uno.testCases.sd.SD_ViewTicketTest"/>
  <testcase name="DisplayColumnHeader" classname="com.uno.testCases.sd.SD_ViewTicketTest">
    <skipped/>
  </testcase> <!-- DisplayColumnHeader -->
</testsuite> <!-- com.uno.testCases.sd.SD_ViewTicketTest -->
