<?xml version="1.0" encoding="UTF-8"?>
<!-- Generated by org.testng.reporters.JUnitReportReporter -->
<testsuite skipped="0" hostname="Admin-PC" name="com.uno.testCases.sd.SDRoleWithSuperRoleTest" tests="2" failures="0" timestamp="03 Oct 2018 10:37:13 GMT" time="27.375" errors="0">
  <testcase name="VerifyTicketType" time="22.536" classname="com.uno.testCases.sd.SDRoleWithSuperRoleTest"/>
  <testcase name="VerifyTicketMode" time="4.839" classname="com.uno.testCases.sd.SDRoleWithSuperRoleTest"/>
</testsuite> <!-- com.uno.testCases.sd.SDRoleWithSuperRoleTest -->
