<?xml version="1.0" encoding="UTF-8"?>
<!-- Generated by org.testng.reporters.JUnitReportReporter -->
<testsuite skipped="0" hostname="Admin-PC" name="testCases.DemoTestCase" tests="38" failures="0" timestamp="30 Aug 2018 07:45:58 GMT" time="438.032" errors="0">
  <testcase name="VarifyTitleOfCreateNewPage" time="3.170" classname="testCases.DemoTestCase"/>
  <testcase name="VerifyTicketDateTime" time="0.005" classname="testCases.DemoTestCase"/>
  <testcase name="VarifyDefaultIncidentNo" time="0.061" classname="testCases.DemoTestCase"/>
  <testcase name="VarifyDefaultIncidentDateAndTime" time="0.101" classname="testCases.DemoTestCase"/>
  <testcase name="VarifyDefaultCreateByRole" time="0.045" classname="testCases.DemoTestCase"/>
  <testcase name="VarifyDefaultCloseDateTime" time="0.054" classname="testCases.DemoTestCase"/>
  <testcase name="VarifyAssertId" time="4.682" classname="testCases.DemoTestCase"/>
  <testcase name="CreateTicket" time="25.884" classname="testCases.DemoTestCase"/>
  <testcase name="AssignTSDInPreliminaryAnalysis" time="17.666" classname="testCases.DemoTestCase"/>
  <testcase name="AssignTechnicianAndPunchETA" time="35.113" classname="testCases.DemoTestCase"/>
  <testcase name="PunchATA" time="20.101" classname="testCases.DemoTestCase"/>
  <testcase name="AddRequiredSpareInSD" time="7.914" classname="testCases.DemoTestCase"/>
  <testcase name="AddRequiredSpareInSD" time="10.827" classname="testCases.DemoTestCase"/>
  <testcase name="AddRequiredSpareInSD" time="10.310" classname="testCases.DemoTestCase"/>
  <testcase name="MatchSpareRequestIdInSD" time="3.961" classname="testCases.DemoTestCase"/>
  <testcase name="MatchTheSpareRemarkInSD" time="7.720" classname="testCases.DemoTestCase"/>
  <testcase name="MatchSpareRequestIdInRM" time="9.150" classname="testCases.DemoTestCase"/>
  <testcase name="CheckAscendingOrderOfSpareRequestIdInRM" time="0.158" classname="testCases.DemoTestCase"/>
  <testcase name="CheckSpareRemarkGivenBySDInRM" time="0.611" classname="testCases.DemoTestCase"/>
  <testcase name="UpdateSpareRemarkInRM" time="5.216" classname="testCases.DemoTestCase"/>
  <testcase name="CheckApproveButtonOfSpareRequestInRM" time="16.701" classname="testCases.DemoTestCase"/>
  <testcase name="CheckApproveButtonOfSpareRequestInRM" time="16.045" classname="testCases.DemoTestCase"/>
  <testcase name="CheckRejectButtonOfSpareRequestInRM" time="17.915" classname="testCases.DemoTestCase"/>
  <testcase name="CheckSpareRemarkGivenByRMInSD" time="22.464" classname="testCases.DemoTestCase"/>
  <testcase name="CheckStatusOfSpareRequestAfterApproveAndRejectByRMInSD" time="9.044" classname="testCases.DemoTestCase"/>
  <testcase name="CheckDescendingOrderOfSpareRequestIdInSCM" time="12.842" classname="testCases.DemoTestCase"/>
  <testcase name="MatchSpareRequestIdAndCheckApproveAndRejectButtonInSCM" time="11.775" classname="testCases.DemoTestCase"/>
  <testcase name="CheckRejectButtonInSCM" time="13.674" classname="testCases.DemoTestCase"/>
  <testcase name="CheckStatusAfterApproveBySCMInLogistic" time="36.474" classname="testCases.DemoTestCase"/>
  <testcase name="CheckStatusOfSpareRequestAfterApproveBySCMInSD" time="17.271" classname="testCases.DemoTestCase"/>
  <testcase name="CheckStatusAfterRejectBySCMInSD" time="3.224" classname="testCases.DemoTestCase"/>
  <testcase name="CheckPartName" time="7.501" classname="testCases.DemoTestCase"/>
  <testcase name="CheckNotificationWithSelectionInTechnicianCloseTab" time="23.708" classname="testCases.DemoTestCase"/>
  <testcase name="CloseTicket" time="22.777" classname="testCases.DemoTestCase"/>
  <testcase name="CheckStatusAfterFinalClose" time="11.433" classname="testCases.DemoTestCase"/>
  <testcase name="CheckRemarkTab" time="16.625" classname="testCases.DemoTestCase"/>
  <testcase name="CheckActivityTab" time="7.047" classname="testCases.DemoTestCase"/>
  <testcase name="CheckKEDBTab" time="8.763" classname="testCases.DemoTestCase"/>
</testsuite> <!-- testCases.DemoTestCase -->
