<?xml version="1.0" encoding="UTF-8"?>
<!-- Generated by org.testng.reporters.JUnitReportReporter -->
<testsuite skipped="0" hostname="Admin-PC" name="com.uno.test.sd.SD_TicketSummaryTest" tests="1" failures="0" timestamp="13 Dec 2018 05:31:20 GMT" time="8.409" errors="0">
  <testcase name="TotalCountOfRequestsClosedByTechnicianTab" time="8.409" classname="com.uno.test.sd.SD_TicketSummaryTest"/>
</testsuite> <!-- com.uno.test.sd.SD_TicketSummaryTest -->
