<?xml version="1.0" encoding="UTF-8"?>
<!-- Generated by org.testng.reporters.JUnitReportReporter -->
<testsuite skipped="0" hostname="Admin-PC" name="com.uno.testCases.rm.RM_EngineerAvailabilityTest" tests="2" failures="0" timestamp="28 Sep 2018 09:58:55 GMT" time="69.340" errors="0">
  <testcase name="checkFromAndToDateAccordingSelectedDateRange" time="28.087" classname="com.uno.testCases.rm.RM_EngineerAvailabilityTest"/>
  <testcase name="checkSearchFilter" time="41.253" classname="com.uno.testCases.rm.RM_EngineerAvailabilityTest"/>
</testsuite> <!-- com.uno.testCases.rm.RM_EngineerAvailabilityTest -->
