<?xml version="1.0" encoding="UTF-8"?>
<!-- Generated by org.testng.reporters.JUnitReportReporter -->
<testsuite skipped="0" hostname="Admin-PC" name="com.uno.test.sd.SD_CreateNewTest" tests="1" failures="0" timestamp="13 Dec 2018 07:22:56 GMT" time="39.656" errors="0">
  <testcase name="CheckCustomerInSuperLogin" time="39.656" classname="com.uno.test.sd.SD_CreateNewTest"/>
</testsuite> <!-- com.uno.test.sd.SD_CreateNewTest -->
