<?xml version="1.0" encoding="UTF-8"?>
<!-- Generated by org.testng.reporters.JUnitReportReporter -->
<testsuite skipped="0" hostname="Admin-PC" name="com.uno.test.sd.SD_EngineerAvailabilityTest" tests="2" failures="0" timestamp="14 Nov 2018 11:49:16 GMT" time="191.079" errors="0">
  <testcase name="checkFromAndToDateAccordingSelectedDateRange" time="110.666" classname="com.uno.test.sd.SD_EngineerAvailabilityTest"/>
  <testcase name="checkSearchFilter" time="80.413" classname="com.uno.test.sd.SD_EngineerAvailabilityTest"/>
</testsuite> <!-- com.uno.test.sd.SD_EngineerAvailabilityTest -->
