<?xml version="1.0" encoding="UTF-8"?>
<!-- Generated by org.testng.reporters.JUnitReportReporter -->
<testsuite skipped="0" hostname="Admin-PC" name="testCases.DailyActivityPageTestCaseOfSdRole" tests="1" failures="0" timestamp="17 Aug 2018 07:28:21 GMT" time="7.952" errors="0">
  <testcase name="ClickOnDeleteSymbolInDailyActivity" time="7.952" classname="testCases.DailyActivityPageTestCaseOfSdRole"/>
</testsuite> <!-- testCases.DailyActivityPageTestCaseOfSdRole -->
