<?xml version="1.0" encoding="UTF-8"?>
<!-- Generated by org.testng.reporters.JUnitReportReporter -->
<testsuite skipped="2" hostname="Admin-PC" name="com.uno.testCases.SD_TicketFromofViewTicketTest" tests="7" failures="0" timestamp="21 Sep 2018 05:26:11 GMT" time="310.517" errors="0">
  <testcase name="Ticket" time="59.060" classname="com.uno.testCases.SD_TicketFromofViewTicketTest"/>
  <testcase name="Ticket" time="60.334" classname="com.uno.testCases.SD_TicketFromofViewTicketTest"/>
  <testcase name="Ticket" time="58.008" classname="com.uno.testCases.SD_TicketFromofViewTicketTest"/>
  <testcase name="Ticket" time="65.292" classname="com.uno.testCases.SD_TicketFromofViewTicketTest"/>
  <testcase name="Ticket" time="67.823" classname="com.uno.testCases.SD_TicketFromofViewTicketTest"/>
  <testcase name="CheckOkButtonOfPopUp" classname="com.uno.testCases.SD_TicketFromofViewTicketTest">
    <skipped/>
  </testcase> <!-- CheckOkButtonOfPopUp -->
  <testcase name="CheckETAAndSLA" classname="com.uno.testCases.SD_TicketFromofViewTicketTest">
    <skipped/>
  </testcase> <!-- CheckETAAndSLA -->
</testsuite> <!-- com.uno.testCases.SD_TicketFromofViewTicketTest -->
