<?xml version="1.0" encoding="UTF-8"?>
<!-- Generated by org.testng.reporters.JUnitReportReporter -->
<testsuite skipped="0" hostname="Admin-PC" name="com.uno.testCases.DSMTest" tests="51" failures="0" timestamp="13 Nov 2018 10:41:32 GMT" time="1790.163" errors="0">
  <testcase name="VerifyIDTextBox" time="39.970" classname="com.uno.testCases.DSMTest"/>
  <testcase name="VerifyIDTextBox" time="34.251" classname="com.uno.testCases.DSMTest"/>
  <testcase name="VerifyIDTextBox" time="34.341" classname="com.uno.testCases.DSMTest"/>
  <testcase name="VerifyIDTextBox" time="36.191" classname="com.uno.testCases.DSMTest"/>
  <testcase name="VerifyIDTextBox" time="28.946" classname="com.uno.testCases.DSMTest"/>
  <testcase name="VerifyIDTextBox" time="42.393" classname="com.uno.testCases.DSMTest"/>
  <testcase name="VerifyIDTextBox" time="37.533" classname="com.uno.testCases.DSMTest"/>
  <testcase name="VerifyIDTextBox" time="30.485" classname="com.uno.testCases.DSMTest"/>
  <testcase name="VerifyIDTextBox" time="33.562" classname="com.uno.testCases.DSMTest"/>
  <testcase name="VerifyIDTextBox" time="32.483" classname="com.uno.testCases.DSMTest"/>
  <testcase name="VerifyIDTextBox" time="33.119" classname="com.uno.testCases.DSMTest"/>
  <testcase name="VerifyIDTextBox" time="35.939" classname="com.uno.testCases.DSMTest"/>
  <testcase name="VerifyIDTextBox" time="33.410" classname="com.uno.testCases.DSMTest"/>
  <testcase name="VerifyIDTextBox" time="43.976" classname="com.uno.testCases.DSMTest"/>
  <testcase name="VerifyIDTextBox" time="31.264" classname="com.uno.testCases.DSMTest"/>
  <testcase name="VerifyIDTextBox" time="45.396" classname="com.uno.testCases.DSMTest"/>
  <testcase name="VerifyIDTextBox" time="33.854" classname="com.uno.testCases.DSMTest"/>
  <testcase name="VerifyIDTextBox" time="37.381" classname="com.uno.testCases.DSMTest"/>
  <testcase name="VerifyIDTextBox" time="30.963" classname="com.uno.testCases.DSMTest"/>
  <testcase name="VerifyIDTextBox" time="42.278" classname="com.uno.testCases.DSMTest"/>
  <testcase name="VerifyIDTextBox" time="33.501" classname="com.uno.testCases.DSMTest"/>
  <testcase name="VerifyIDTextBox" time="32.410" classname="com.uno.testCases.DSMTest"/>
  <testcase name="VerifyIDTextBox" time="37.683" classname="com.uno.testCases.DSMTest"/>
  <testcase name="VerifyIDTextBox" time="33.164" classname="com.uno.testCases.DSMTest"/>
  <testcase name="VerifyIDTextBox" time="31.897" classname="com.uno.testCases.DSMTest"/>
  <testcase name="VerifyIDTextBox" time="31.207" classname="com.uno.testCases.DSMTest"/>
  <testcase name="VerifyIDTextBox" time="34.099" classname="com.uno.testCases.DSMTest"/>
  <testcase name="VerifyIDTextBox" time="33.578" classname="com.uno.testCases.DSMTest"/>
  <testcase name="VerifyIDTextBox" time="37.519" classname="com.uno.testCases.DSMTest"/>
  <testcase name="VerifyIDTextBox" time="30.480" classname="com.uno.testCases.DSMTest"/>
  <testcase name="VerifyIDTextBox" time="36.528" classname="com.uno.testCases.DSMTest"/>
  <testcase name="VerifyIDTextBox" time="33.930" classname="com.uno.testCases.DSMTest"/>
  <testcase name="VerifyIDTextBox" time="31.693" classname="com.uno.testCases.DSMTest"/>
  <testcase name="VerifyIDTextBox" time="37.095" classname="com.uno.testCases.DSMTest"/>
  <testcase name="VerifyIDTextBox" time="33.207" classname="com.uno.testCases.DSMTest"/>
  <testcase name="VerifyIDTextBox" time="33.305" classname="com.uno.testCases.DSMTest"/>
  <testcase name="VerifyIDTextBox" time="37.719" classname="com.uno.testCases.DSMTest"/>
  <testcase name="VerifyIDTextBox" time="31.405" classname="com.uno.testCases.DSMTest"/>
  <testcase name="VerifyIDTextBox" time="38.856" classname="com.uno.testCases.DSMTest"/>
  <testcase name="VerifyIDTextBox" time="37.627" classname="com.uno.testCases.DSMTest"/>
  <testcase name="VerifyIDTextBox" time="33.135" classname="com.uno.testCases.DSMTest"/>
  <testcase name="VerifyIDTextBox" time="39.927" classname="com.uno.testCases.DSMTest"/>
  <testcase name="VerifyIDTextBox" time="34.908" classname="com.uno.testCases.DSMTest"/>
  <testcase name="VerifyIDTextBox" time="33.203" classname="com.uno.testCases.DSMTest"/>
  <testcase name="VerifyIDTextBox" time="34.127" classname="com.uno.testCases.DSMTest"/>
  <testcase name="VerifyIDTextBox" time="33.079" classname="com.uno.testCases.DSMTest"/>
  <testcase name="VerifyIDTextBox" time="36.641" classname="com.uno.testCases.DSMTest"/>
  <testcase name="VerifyIDTextBox" time="28.670" classname="com.uno.testCases.DSMTest"/>
  <testcase name="VerifyIDTextBox" time="33.385" classname="com.uno.testCases.DSMTest"/>
  <testcase name="VerifyIDTextBox" time="36.607" classname="com.uno.testCases.DSMTest"/>
  <testcase name="VerifyIDTextBox" time="41.843" classname="com.uno.testCases.DSMTest"/>
</testsuite> <!-- com.uno.testCases.DSMTest -->
