<?xml version="1.0" encoding="UTF-8"?>
<!-- Generated by org.testng.reporters.JUnitReportReporter -->
<testsuite skipped="0" hostname="Admin-PC" name="com.uno.testCases.rm.RM_EditIncidentTest" tests="3" failures="0" timestamp="15 Oct 2018 05:10:57 GMT" time="111.130" errors="0">
  <testcase name="CheckAlertMessageWithoutETA" time="77.494" classname="com.uno.testCases.rm.RM_EditIncidentTest"/>
  <testcase name="CheckAlertMessageWithoutATA" time="16.914" classname="com.uno.testCases.rm.RM_EditIncidentTest"/>
  <testcase name="checkCreateSubTicketAndViewSubTicketForPause" time="16.722" classname="com.uno.testCases.rm.RM_EditIncidentTest"/>
</testsuite> <!-- com.uno.testCases.rm.RM_EditIncidentTest -->
