<?xml version="1.0" encoding="UTF-8"?>
<!-- Generated by org.testng.reporters.JUnitReportReporter -->
<testsuite skipped="0" hostname="Admin-PC" name="testCases.EngineerAvailabilityPageTestCaseOfSdRole" tests="2" failures="0" timestamp="30 Aug 2018 06:26:14 GMT" time="100.730" errors="0">
  <testcase name="checkFromAndToDateAccordingSelectedDateRange" time="70.964" classname="testCases.EngineerAvailabilityPageTestCaseOfSdRole"/>
  <testcase name="checkSearchFilter" time="29.766" classname="testCases.EngineerAvailabilityPageTestCaseOfSdRole"/>
</testsuite> <!-- testCases.EngineerAvailabilityPageTestCaseOfSdRole -->
