<?xml version="1.0" encoding="UTF-8"?>
<!-- Generated by org.testng.reporters.JUnitReportReporter -->
<testsuite skipped="0" hostname="Admin-PC" name="testCases.InventoryRequiredPageTestCaseOfLogisticRole" tests="1" failures="0" timestamp="07 Aug 2018 05:54:09 GMT" time="48.678" errors="0">
  <testcase name="removeSpare" time="48.678" classname="testCases.InventoryRequiredPageTestCaseOfLogisticRole"/>
</testsuite> <!-- testCases.InventoryRequiredPageTestCaseOfLogisticRole -->
