<?xml version="1.0" encoding="UTF-8"?>
<!-- Generated by org.testng.reporters.JUnitReportReporter -->
<testsuite skipped="0" hostname="Admin-PC" name="com.UnoPoint.TestCases.LoginPageTestCaseOfSdRole" tests="2" failures="0" timestamp="11 May 2018 09:25:20 GMT" time="19.810" errors="0">
  <testcase name="TitleOfLoginPage" time="5.921" classname="com.UnoPoint.TestCases.LoginPageTestCaseOfSdRole"/>
  <testcase name="LoginPage" time="13.889" classname="com.UnoPoint.TestCases.LoginPageTestCaseOfSdRole"/>
</testsuite> <!-- com.UnoPoint.TestCases.LoginPageTestCaseOfSdRole -->
